#
# A fatal error has been detected by the Java Runtime Environment:
#
#  EXCEPTION_ACCESS_VIOLATION (0xc0000005) at pc=0x0000000027001066, pid=11196, tid=0x0000000000003944
#
# JRE version: Java(TM) SE Runtime Environment (8.0_144-b01) (build 1.8.0_144-b01)
# Java VM: Java HotSpot(TM) 64-Bit Server VM (25.144-b01 mixed mode windows-amd64 compressed oops)
# Problematic frame:
# C  [OpenAL64.dll+0x11066]
#
# Failed to write core dump. Minidumps are not enabled by default on client versions of Windows
#
# If you would like to submit a bug report, please visit:
#   http://bugreport.java.com/bugreport/crash.jsp
# The crash happened outside the Java Virtual Machine in native code.
# See problematic frame for where to report the bug.
#

---------------  T H R E A D  ---------------

Current thread (0x0000000020150000):  JavaThread "jME3 Main" [_thread_in_native, id=14660, stack(0x0000000028ed0000,0x0000000028fd0000)]

siginfo: ExceptionCode=0xc0000005, reading address 0x0000000020aea004

Registers:
RAX=0x000000000004ffff, RBX=0x0000000027bd0090, RCX=0x0000000020aea008, RDX=0x0000000020aea004
RSP=0x0000000028fcf000, RBP=0x00000000000000ff, RSI=0x0000000020ae1acc, RDI=0x0000000000000000
R8 =0x000000000000214e, R9 =0x0000000020ae1acc, R10=0x0000000002e27f48, R11=0x000000005f56bc50
R12=0x0000000000000001, R13=0x000000002b7de848, R14=0x0000000028fcf1a0, R15=0x0000000020150000
RIP=0x0000000027001066, EFLAGS=0x0000000000010202

Top of Stack: (sp=0x0000000028fcf000)
0x0000000028fcf000:   0000000000000000 000000001e69d7b0
0x0000000028fcf010:   00000000203d6260 0000000020150000
0x0000000028fcf020:   000000002b7de848 0000000000000000
0x0000000028fcf030:   0000000020150000 00000000203d6260
0x0000000028fcf040:   000000002b7de848 0000000028fcf1a0
0x0000000028fcf050:   0000000020151560 000000005f3fb736
0x0000000028fcf060:   0000000028fcf978 00000000203c8040
0x0000000028fcf070:   0000000020150000 0000000028fcf1a0
0x0000000028fcf080:   000000002b7de848 0000000000000000
0x0000000028fcf090:   0000000020ae1acc 000000076b9889a0
0x0000000028fcf0a0:   0000000028fcf168 000000002700248f
0x0000000028fcf0b0:   0000000027bd0090 0000000027bd0090
0x0000000028fcf0c0:   000000000000ac44 000000070004ffff
0x0000000028fcf0d0:   0000000000000010 0000000002e27f74
0x0000000028fcf0e0:   000000002b7de848 0000000000000010
0x0000000028fcf0f0:   0000000000000010 0000000002e27ceb 

Instructions: (pc=0x0000000027001066)
0x0000000027001046:   41 2b ec 81 3a 03 00 02 00 75 09 8b 01 89 84 24
0x0000000027001056:   c8 00 00 00 49 83 c0 02 48 83 c1 08 4a 8d 14 86
0x0000000027001066:   39 3a 75 af 4c 8d 84 24 c0 00 00 00 48 8d 15 d7
0x0000000027001076:   2b 03 00 33 c9 e8 58 5f 00 00 b8 40 1f 00 00 4c 


Register to memory mapping:

RAX=0x000000000004ffff is an unknown value
RBX=0x0000000027bd0090 is an unknown value
RCX=0x0000000020aea008 is an unknown value
RDX=0x0000000020aea004 is an unknown value
RSP=0x0000000028fcf000 is pointing into the stack for thread: 0x0000000020150000
RBP=0x00000000000000ff is an unknown value
RSI=0x0000000020ae1acc is an unknown value
RDI=0x0000000000000000 is an unknown value
R8 =0x000000000000214e is an unknown value
R9 =0x0000000020ae1acc is an unknown value
R10=0x0000000002e27f48 is at code_begin+840 in an Interpreter codelet
method entry point (kind = native)  [0x0000000002e27c00, 0x0000000002e28560]  2400 bytes
R11=0x000000005f56bc50 is an unknown value
R12=0x0000000000000001 is an unknown value
R13={method} {0x000000002b7de850} 'nalcCreateContext' '(JJ)J' in 'org/lwjgl/openal/ALC10'
R14=0x0000000028fcf1a0 is pointing into the stack for thread: 0x0000000020150000
R15=0x0000000020150000 is a thread


Stack: [0x0000000028ed0000,0x0000000028fd0000],  sp=0x0000000028fcf000,  free space=1020k
Native frames: (J=compiled Java code, j=interpreted, Vv=VM code, C=native code)
C  [OpenAL64.dll+0x11066]
C  [OpenAL64.dll+0x1248f]
C  0x0000000002e27f74

Java frames: (J=compiled Java code, j=interpreted, Vv=VM code)
j  org.lwjgl.openal.ALC10.nalcCreateContext(JJ)J+0
j  org.lwjgl.openal.ALC10.alcCreateContext(Lorg/lwjgl/openal/ALCdevice;Ljava/nio/IntBuffer;)Lorg/lwjgl/openal/ALCcontext;+8
j  org.lwjgl.openal.AL.init(Ljava/lang/String;IIZZ)V+69
j  org.lwjgl.openal.AL.create(Ljava/lang/String;IIZZ)V+246
j  org.lwjgl.openal.AL.create(Ljava/lang/String;IIZ)V+5
j  org.lwjgl.openal.AL.create()V+6
j  com.jme3.audio.lwjgl.LwjglALC.createALC()V+0
j  com.jme3.audio.openal.ALAudioRenderer.initOpenAL()V+16
j  com.jme3.audio.openal.ALAudioRenderer.initialize()V+21
j  com.jme3.app.Application.initAudio()V+40
j  com.jme3.app.Application.initialize()V+31
j  com.jme3.app.SimpleApplication.initialize()V+1
j  com.jme3.system.lwjgl.LwjglAbstractDisplay.initInThread()Z+90
j  com.jme3.system.lwjgl.LwjglAbstractDisplay.run()V+36
j  java.lang.Thread.run()V+11
v  ~StubRoutines::call_stub

---------------  P R O C E S S  ---------------

Java Threads: ( => current thread )
  0x0000000020106000 JavaThread "Thread-8" daemon [_thread_in_native, id=8316, stack(0x000000002b930000,0x000000002ba30000)]
  0x0000000020105800 JavaThread "DestroyJavaVM" [_thread_blocked, id=1472, stack(0x0000000002c10000,0x0000000002d10000)]
=>0x0000000020150000 JavaThread "jME3 Main" [_thread_in_native, id=14660, stack(0x0000000028ed0000,0x0000000028fd0000)]
  0x00000000200dd000 JavaThread "TimerQueue" daemon [_thread_blocked, id=12612, stack(0x00000000285d0000,0x00000000286d0000)]
  0x0000000020366800 JavaThread "Image Fetcher 0" daemon [_thread_blocked, id=14052, stack(0x0000000027fd0000,0x00000000280d0000)]
  0x00000000203f0000 JavaThread "AWT-EventQueue-0" [_thread_blocked, id=9412, stack(0x0000000026940000,0x0000000026a40000)]
  0x00000000203d6800 JavaThread "AWT-Windows" daemon [_thread_in_native, id=10592, stack(0x0000000026840000,0x0000000026940000)]
  0x00000000203ce000 JavaThread "AWT-Shutdown" [_thread_blocked, id=1356, stack(0x0000000026740000,0x0000000026840000)]
  0x00000000203cc000 JavaThread "Java2D Disposer" daemon [_thread_blocked, id=3000, stack(0x0000000026640000,0x0000000026740000)]
  0x000000001ff60000 JavaThread "Thread-3" daemon [_thread_in_native, id=1412, stack(0x0000000026340000,0x0000000026440000)]
  0x000000001ffb8800 JavaThread "JavaFX Application Thread" [_thread_in_native, id=10416, stack(0x0000000021bb0000,0x0000000021cb0000)]
  0x000000001ffb7000 JavaThread "Thread-2" daemon [_thread_blocked, id=9416, stack(0x0000000021ab0000,0x0000000021bb0000)]
  0x000000001fc17000 JavaThread "QuantumRenderer-0" daemon [_thread_blocked, id=4668, stack(0x0000000020d90000,0x0000000020e90000)]
  0x000000001e780000 JavaThread "Service Thread" daemon [_thread_blocked, id=7660, stack(0x000000001f270000,0x000000001f370000)]
  0x000000001e702000 JavaThread "C1 CompilerThread3" daemon [_thread_blocked, id=6880, stack(0x000000001f170000,0x000000001f270000)]
  0x000000001e69b800 JavaThread "C2 CompilerThread2" daemon [_thread_blocked, id=6672, stack(0x000000001f070000,0x000000001f170000)]
  0x000000001e698800 JavaThread "C2 CompilerThread1" daemon [_thread_blocked, id=12660, stack(0x000000001ef70000,0x000000001f070000)]
  0x000000001e696800 JavaThread "C2 CompilerThread0" daemon [_thread_blocked, id=14000, stack(0x000000001ee70000,0x000000001ef70000)]
  0x000000001e695000 JavaThread "Attach Listener" daemon [_thread_blocked, id=10560, stack(0x000000001ed70000,0x000000001ee70000)]
  0x000000001e6ef000 JavaThread "Signal Dispatcher" daemon [_thread_blocked, id=1276, stack(0x000000001ec70000,0x000000001ed70000)]
  0x000000001e680800 JavaThread "Finalizer" daemon [_thread_blocked, id=15012, stack(0x000000001ea60000,0x000000001eb60000)]
  0x0000000002e0e000 JavaThread "Reference Handler" daemon [_thread_blocked, id=11400, stack(0x000000001e560000,0x000000001e660000)]

Other Threads:
  0x000000001c788000 VMThread [stack: 0x000000001e460000,0x000000001e560000] [id=10096]
  0x000000001e821800 WatcherThread [stack: 0x000000001f370000,0x000000001f470000] [id=7292]

VM state:not at safepoint (normal execution)

VM Mutex/Monitor currently owned by a thread: None

Heap:
 PSYoungGen      total 75776K, used 62767K [0x000000076b980000, 0x0000000770e00000, 0x00000007c0000000)
  eden space 65024K, 96% used [0x000000076b980000,0x000000076f6cbd98,0x000000076f900000)
  from space 10752K, 0% used [0x0000000770380000,0x0000000770380000,0x0000000770e00000)
  to   space 10752K, 0% used [0x000000076f900000,0x000000076f900000,0x0000000770380000)
 ParOldGen       total 173568K, used 0K [0x00000006c2c00000, 0x00000006cd580000, 0x000000076b980000)
  object space 173568K, 0% used [0x00000006c2c00000,0x00000006c2c00000,0x00000006cd580000)
 Metaspace       used 20162K, capacity 20541K, committed 20736K, reserved 1067008K
  class space    used 2437K, capacity 2554K, committed 2560K, reserved 1048576K

Card table byte_map: [0x00000000121d0000,0x00000000129c0000] byte_map_base: 0x000000000ebba000

Marking Bits: (ParMarkBitMap*) 0x000000005fb5d850
 Begin Bits: [0x0000000013710000, 0x0000000017660000)
 End Bits:   [0x0000000017660000, 0x000000001b5b0000)

Polling page: 0x0000000002b60000

CodeCache: size=245760Kb used=4788Kb max_used=4800Kb free=240971Kb
 bounds [0x0000000002e10000, 0x00000000032d0000, 0x0000000011e10000]
 total_blobs=2160 nmethods=1456 adapters=616
 compilation: enabled

Compilation events (10 events):
Event: 3.285 Thread 0x000000001e702000 nmethod 1449 0x00000000032aff10 code [0x00000000032b00a0, 0x00000000032b05c8]
Event: 3.285 Thread 0x000000001e702000 1451       3       java.lang.reflect.AccessibleObject::checkAccess (96 bytes)
Event: 3.285 Thread 0x000000001e702000 nmethod 1451 0x00000000032af3d0 code [0x00000000032af580, 0x00000000032afd28]
Event: 3.286 Thread 0x000000001e702000 1454       1       java.util.Hashtable::access$500 (5 bytes)
Event: 3.286 Thread 0x000000001e702000 nmethod 1454 0x00000000032ad550 code [0x00000000032ad6a0, 0x00000000032ad790]
Event: 3.287 Thread 0x000000001e69b800 nmethod 1453 0x00000000032c1050 code [0x00000000032c11a0, 0x00000000032c15b8]
Event: 3.290 Thread 0x000000001e698800 1455       4       java.lang.StringBuilder::append (8 bytes)
Event: 3.291 Thread 0x000000001e702000 1456       3       java.lang.String::valueOf (14 bytes)
Event: 3.291 Thread 0x000000001e702000 nmethod 1456 0x00000000032aef10 code [0x00000000032af080, 0x00000000032af2c8]
Event: 3.294 Thread 0x000000001e698800 nmethod 1455 0x00000000032c1910 code [0x00000000032c1a80, 0x00000000032c1ec8]

GC Heap History (0 events):
No events

Deoptimization events (10 events):
Event: 0.839 Thread 0x00000000203d6800 Uncommon trap: reason=bimorphic action=maybe_recompile pc=0x00000000031628ec method=java.util.HashMap.putVal(ILjava/lang/Object;Ljava/lang/Object;ZZ)Ljava/lang/Object; @ 203
Event: 0.882 Thread 0x00000000203f0000 Uncommon trap: reason=class_check action=maybe_recompile pc=0x0000000002fb1a44 method=java.lang.String.equals(Ljava/lang/Object;)Z @ 8
Event: 0.882 Thread 0x00000000203f0000 Uncommon trap: reason=class_check action=maybe_recompile pc=0x0000000002fb1a44 method=java.lang.String.equals(Ljava/lang/Object;)Z @ 8
Event: 0.882 Thread 0x00000000203f0000 Uncommon trap: reason=class_check action=maybe_recompile pc=0x0000000002fb1a44 method=java.lang.String.equals(Ljava/lang/Object;)Z @ 8
Event: 0.883 Thread 0x00000000203f0000 Uncommon trap: reason=class_check action=maybe_recompile pc=0x0000000002fb1a44 method=java.lang.String.equals(Ljava/lang/Object;)Z @ 8
Event: 2.361 Thread 0x0000000020150000 Uncommon trap: reason=class_check action=maybe_recompile pc=0x00000000031b3f1c method=java.nio.charset.CharsetEncoder.reset()Ljava/nio/charset/CharsetEncoder; @ 1
Event: 2.404 Thread 0x0000000020150000 Uncommon trap: reason=class_check action=maybe_recompile pc=0x00000000031b3f1c method=java.nio.charset.CharsetEncoder.reset()Ljava/nio/charset/CharsetEncoder; @ 1
Event: 2.404 Thread 0x0000000020150000 Uncommon trap: reason=class_check action=maybe_recompile pc=0x00000000031b3f1c method=java.nio.charset.CharsetEncoder.reset()Ljava/nio/charset/CharsetEncoder; @ 1
Event: 2.404 Thread 0x0000000020150000 Uncommon trap: reason=class_check action=maybe_recompile pc=0x00000000031b3f1c method=java.nio.charset.CharsetEncoder.reset()Ljava/nio/charset/CharsetEncoder; @ 1
Event: 2.715 Thread 0x0000000020150000 Uncommon trap: reason=predicate action=maybe_recompile pc=0x00000000032a69ac method=java.lang.String.regionMatches(ZILjava/lang/String;II)Z @ 63

Internal exceptions (10 events):
Event: 0.726 Thread 0x00000000203f0000 Implicit null exception at 0x0000000003055e15 to 0x0000000003056015
Event: 0.728 Thread 0x00000000203f0000 Exception <a 'java/lang/NoClassDefFoundError'> (0x000000076d84f078) thrown at [C:\re\workspace\8-2-build-windows-amd64-cygwin\jdk8u144\9417\hotspot\src\share\vm\prims\jvm.cpp, line 1394]
Event: 0.752 Thread 0x00000000203f0000 Exception <a 'java/io/FileNotFoundException'> (0x000000076d9420c0) thrown at [C:\re\workspace\8-2-build-windows-amd64-cygwin\jdk8u144\9417\hotspot\src\share\vm\prims\jni.cpp, line 709]
Event: 0.752 Thread 0x00000000203f0000 Exception <a 'java/lang/NullPointerException'> (0x000000076d942898) thrown at [C:\re\workspace\8-2-build-windows-amd64-cygwin\jdk8u144\9417\hotspot\src\share\vm\interpreter\linkResolver.cpp, line 1197]
Event: 3.291 Thread 0x0000000020150000 Exception <a 'java/security/PrivilegedActionException'> (0x000000076f5bf530) thrown at [C:\re\workspace\8-2-build-windows-amd64-cygwin\jdk8u144\9417\hotspot\src\share\vm\prims\jvm.cpp, line 1390]
Event: 3.291 Thread 0x0000000020150000 Exception <a 'java/security/PrivilegedActionException'> (0x000000076f5c10a0) thrown at [C:\re\workspace\8-2-build-windows-amd64-cygwin\jdk8u144\9417\hotspot\src\share\vm\prims\jvm.cpp, line 1390]
Event: 3.291 Thread 0x0000000020150000 Exception <a 'java/security/PrivilegedActionException'> (0x000000076f5c21c0) thrown at [C:\re\workspace\8-2-build-windows-amd64-cygwin\jdk8u144\9417\hotspot\src\share\vm\prims\jvm.cpp, line 1390]
Event: 3.291 Thread 0x0000000020150000 Exception <a 'java/security/PrivilegedActionException'> (0x000000076f5c72e0) thrown at [C:\re\workspace\8-2-build-windows-amd64-cygwin\jdk8u144\9417\hotspot\src\share\vm\prims\jvm.cpp, line 1390]
Event: 3.291 Thread 0x0000000020150000 Exception <a 'java/security/PrivilegedActionException'> (0x000000076f5c7f38) thrown at [C:\re\workspace\8-2-build-windows-amd64-cygwin\jdk8u144\9417\hotspot\src\share\vm\prims\jvm.cpp, line 1390]
Event: 3.291 Thread 0x0000000020150000 Exception <a 'java/security/PrivilegedActionException'> (0x000000076f5c8b60) thrown at [C:\re\workspace\8-2-build-windows-amd64-cygwin\jdk8u144\9417\hotspot\src\share\vm\prims\jvm.cpp, line 1390]

Events (10 events):
Event: 3.292 loading class org/lwjgl/openal/ALC10
Event: 3.292 loading class org/lwjgl/openal/ALC10 done
Event: 3.297 loading class org/lwjgl/openal/ALCdevice
Event: 3.297 loading class org/lwjgl/openal/ALCdevice done
Event: 3.298 loading class org/lwjgl/openal/ALCcontext
Event: 3.298 loading class org/lwjgl/openal/ALCcontext done
Event: 3.298 loading class org/lwjgl/openal/Util
Event: 3.298 loading class org/lwjgl/openal/Util done
Event: 3.298 loading class org/lwjgl/openal/OpenALException
Event: 3.298 loading class org/lwjgl/openal/OpenALException done


Dynamic libraries:
0x00007ff71b070000 - 0x00007ff71b0a7000 	C:\Program Files\Java\jre1.8.0_144\bin\javaw.exe
0x00007fff70670000 - 0x00007fff7084b000 	C:\Windows\SYSTEM32\ntdll.dll
0x00007fff6e2b0000 - 0x00007fff6e35e000 	C:\Windows\System32\KERNEL32.DLL
0x00007fff6d980000 - 0x00007fff6dbc9000 	C:\Windows\System32\KERNELBASE.dll
0x00007fff6eec0000 - 0x00007fff6ef61000 	C:\Windows\System32\ADVAPI32.dll
0x00007fff6dc60000 - 0x00007fff6dcfd000 	C:\Windows\System32\msvcrt.dll
0x00007fff6ef70000 - 0x00007fff6efc9000 	C:\Windows\System32\sechost.dll
0x00007fff6e940000 - 0x00007fff6ea65000 	C:\Windows\System32\RPCRT4.dll
0x00007fff6de60000 - 0x00007fff6dfaa000 	C:\Windows\System32\USER32.dll
0x00007fff6d610000 - 0x00007fff6d62e000 	C:\Windows\System32\win32u.dll
0x00007fff6dfb0000 - 0x00007fff6dfd7000 	C:\Windows\System32\GDI32.dll
0x00007fff6d7a0000 - 0x00007fff6d927000 	C:\Windows\System32\gdi32full.dll
0x00007fff6d700000 - 0x00007fff6d79a000 	C:\Windows\System32\msvcp_win.dll
0x00007fff6ce10000 - 0x00007fff6cf06000 	C:\Windows\System32\ucrtbase.dll
0x00007fff62050000 - 0x00007fff622b7000 	C:\Windows\WinSxS\amd64_microsoft.windows.common-controls_6595b64144ccf1df_6.0.15063.483_none_26002d27e7c744a2\COMCTL32.dll
0x00007fff6ebc0000 - 0x00007fff6eeb9000 	C:\Windows\System32\combase.dll
0x00007fff6d630000 - 0x00007fff6d69a000 	C:\Windows\System32\bcryptPrimitives.dll
0x00007fff6dbd0000 - 0x00007fff6dbfd000 	C:\Windows\System32\IMM32.DLL
0x0000000060750000 - 0x0000000060822000 	C:\Program Files\Java\jre1.8.0_144\bin\msvcr100.dll
0x000000005f340000 - 0x000000005fbdd000 	C:\Program Files\Java\jre1.8.0_144\bin\server\jvm.dll
0x00007fff6de50000 - 0x00007fff6de58000 	C:\Windows\System32\PSAPI.DLL
0x00007fff69ab0000 - 0x00007fff69ad3000 	C:\Windows\SYSTEM32\WINMM.dll
0x00007fff55340000 - 0x00007fff55349000 	C:\Windows\SYSTEM32\WSOCK32.dll
0x00007fff67a60000 - 0x00007fff67a6a000 	C:\Windows\SYSTEM32\VERSION.dll
0x00007fff6eb50000 - 0x00007fff6ebbc000 	C:\Windows\System32\WS2_32.dll
0x00007fff69a80000 - 0x00007fff69aab000 	C:\Windows\SYSTEM32\winmmbase.dll
0x00007fff6d930000 - 0x00007fff6d979000 	C:\Windows\System32\cfgmgr32.dll
0x0000000060910000 - 0x000000006091f000 	C:\Program Files\Java\jre1.8.0_144\bin\verify.dll
0x00000000608e0000 - 0x0000000060909000 	C:\Program Files\Java\jre1.8.0_144\bin\java.dll
0x00000000608c0000 - 0x00000000608d6000 	C:\Program Files\Java\jre1.8.0_144\bin\zip.dll
0x00007fff6f070000 - 0x00007fff704a7000 	C:\Windows\System32\SHELL32.dll
0x00007fff705c0000 - 0x00007fff7066a000 	C:\Windows\System32\shcore.dll
0x00007fff6cf10000 - 0x00007fff6d601000 	C:\Windows\System32\windows.storage.dll
0x00007fff6e1d0000 - 0x00007fff6e221000 	C:\Windows\System32\shlwapi.dll
0x00007fff6cb50000 - 0x00007fff6cb61000 	C:\Windows\System32\kernel.appcore.dll
0x00007fff6cb00000 - 0x00007fff6cb4c000 	C:\Windows\System32\powrprof.dll
0x00007fff6cb70000 - 0x00007fff6cb85000 	C:\Windows\System32\profapi.dll
0x00000000608a0000 - 0x00000000608ba000 	C:\Program Files\Java\jre1.8.0_144\bin\net.dll
0x00007fff6c3f0000 - 0x00007fff6c44c000 	C:\Windows\system32\mswsock.dll
0x0000000060880000 - 0x0000000060891000 	C:\Program Files\Java\jre1.8.0_144\bin\nio.dll
0x00007fff6bcf0000 - 0x00007fff6bd21000 	C:\Windows\SYSTEM32\ntmarta.dll
0x00007fff6c590000 - 0x00007fff6c5a7000 	C:\Windows\SYSTEM32\CRYPTSP.dll
0x00007fff6c010000 - 0x00007fff6c044000 	C:\Windows\system32\rsaenh.dll
0x00007fff6c6a0000 - 0x00007fff6c6c5000 	C:\Windows\SYSTEM32\bcrypt.dll
0x00007fff6ca10000 - 0x00007fff6ca39000 	C:\Windows\SYSTEM32\USERENV.dll
0x00007fff6c5b0000 - 0x00007fff6c5bb000 	C:\Windows\SYSTEM32\CRYPTBASE.dll
0x00007fff6c190000 - 0x00007fff6c1c7000 	C:\Windows\SYSTEM32\IPHLPAPI.DLL
0x00007fff6dfe0000 - 0x00007fff6dfe8000 	C:\Windows\System32\NSI.dll
0x00007fff63090000 - 0x00007fff630a6000 	C:\Windows\SYSTEM32\dhcpcsvc6.DLL
0x00007fff63070000 - 0x00007fff6308a000 	C:\Windows\SYSTEM32\dhcpcsvc.DLL
0x0000000180000000 - 0x0000000180038000 	C:\Users\Shi\AppData\Local\Temp\jna-83092\jna1578361158896842150.dll
0x00007fff460b0000 - 0x00007fff46177000 	\\?\C:\Users\Shi\AppData\Local\Temp\JNA-83~1\JNA176~1.DLL
0x00007fff6e500000 - 0x00007fff6e93b000 	C:\Windows\System32\SETUPAPI.dll
0x00007fff5b390000 - 0x00007fff5b4b1000 	C:\Windows\SYSTEM32\OPENGL32.dll
0x00007fff5d540000 - 0x00007fff5d56c000 	C:\Windows\SYSTEM32\GLU32.dll
0x00007fff45fe0000 - 0x00007fff460a7000 	\\?\C:\Users\Shi\AppData\Local\Temp\JNA-83~1\JNA890~1.DLL
0x00007fff6b9a0000 - 0x00007fff6b9ad000 	C:\Windows\SYSTEM32\hid.dll
0x00007fff6b2d0000 - 0x00007fff6b365000 	C:\Windows\system32\uxtheme.dll
0x00007fff69860000 - 0x00007fff6988a000 	C:\Windows\system32\dwmapi.dll
0x00007fff6b740000 - 0x00007fff6b768000 	C:\Windows\System32\DEVOBJ.dll
0x00007fff6d6a0000 - 0x00007fff6d6f6000 	C:\Windows\System32\WINTRUST.dll
0x00007fff6cae0000 - 0x00007fff6caf1000 	C:\Windows\System32\MSASN1.dll
0x00007fff6cb90000 - 0x00007fff6cd59000 	C:\Windows\System32\CRYPT32.dll
0x00007fff46490000 - 0x00007fff4657f000 	C:\Program Files\Java\jre1.8.0_144\bin\msvcr120.dll
0x00007fff61680000 - 0x00007fff61726000 	C:\Program Files\Java\jre1.8.0_144\bin\msvcp120.dll
0x0000000060720000 - 0x0000000060742000 	C:\Program Files\Java\jre1.8.0_144\bin\prism_d3d.dll
0x00007fff32ac0000 - 0x00007fff32c49000 	C:\Windows\system32\d3d9.dll
0x00007fff12db0000 - 0x00007fff1859c000 	C:\Windows\System32\DriverStore\FileRepository\igdlh64.inf_amd64_88725e48ac7d5315\igdumdim64.dll
0x00007fff6ea70000 - 0x00007fff6eb30000 	C:\Windows\System32\OLEAUT32.dll
0x00007fff6dd00000 - 0x00007fff6de45000 	C:\Windows\System32\ole32.dll
0x00007fff66a50000 - 0x00007fff66b2f000 	C:\Windows\System32\DriverStore\FileRepository\nvltwu.inf_amd64_c8da725822079174\nvldumdx.dll
0x00007fff6eb30000 - 0x00007fff6eb4d000 	C:\Windows\System32\imagehlp.dll
0x00007fff1bdb0000 - 0x00007fff1cdc5000 	C:\Windows\System32\DriverStore\FileRepository\nvltwu.inf_amd64_c8da725822079174\nvd3dumx.dll
0x00000000606d0000 - 0x0000000060713000 	C:\Program Files\Java\jre1.8.0_144\bin\glass.dll
0x00007fff704b0000 - 0x00007fff705b8000 	C:\Windows\System32\COMDLG32.dll
0x00007fff6e000000 - 0x00007fff6e166000 	C:\Windows\System32\MSCTF.dll
0x00007fff63bd0000 - 0x00007fff64d2f000 	C:\Windows\System32\DriverStore\FileRepository\igdlh64.inf_amd64_88725e48ac7d5315\igc64.dll
0x0000000060490000 - 0x0000000060628000 	C:\Program Files\Java\jre1.8.0_144\bin\awt.dll
0x00007fff6b190000 - 0x00007fff6b20e000 	C:\Windows\SYSTEM32\apphelp.dll
0x00007fff66960000 - 0x00007fff66a49000 	C:\Program Files (x86)\NVIDIA Corporation\3D Vision\nvSCPAPI64.dll
0x0000000060680000 - 0x00000000606c7000 	C:\Program Files\Java\jre1.8.0_144\bin\fontmanager.dll
0x0000000060440000 - 0x0000000060482000 	C:\Program Files\Java\jre1.8.0_144\bin\t2k.dll
0x00007fff66450000 - 0x00007fff664d2000 	C:\Windows\System32\TextInputFramework.dll
0x00007fff67b20000 - 0x00007fff67df2000 	C:\Windows\System32\CoreUIComponents.dll
0x00007fff6ab50000 - 0x00007fff6ac33000 	C:\Windows\System32\CoreMessaging.dll
0x00007fff69270000 - 0x00007fff693a9000 	C:\Windows\SYSTEM32\wintypes.dll
0x00007fff685c0000 - 0x00007fff685d5000 	C:\Windows\SYSTEM32\usermgrcli.dll
0x0000000026ff0000 - 0x0000000027054000 	C:\Users\Shi\Documents\opends-4.5-homlab\OpenAL64.dll
0x0000000027060000 - 0x0000000027076000 	C:\Users\Shi\Documents\opends-4.5-homlab\jinput-dx8_64.dll
0x00007fff615c0000 - 0x00007fff61602000 	C:\Windows\SYSTEM32\DINPUT8.dll
0x00000000270d0000 - 0x0000000027123000 	C:\Users\Shi\Documents\opends-4.5-homlab\lwjgl64.dll
0x00007fff33560000 - 0x00007fff342bb000 	C:\Windows\System32\DriverStore\FileRepository\igdlh64.inf_amd64_88725e48ac7d5315\ig9icd64.dll
0x00007fff69180000 - 0x00007fff69193000 	C:\Windows\SYSTEM32\WTSAPI32.dll
0x00007fff665f0000 - 0x00007fff66683000 	C:\Windows\SYSTEM32\mscms.dll
0x00007fff610d0000 - 0x00007fff61111000 	C:\Windows\SYSTEM32\icm32.dll
0x00000000271f0000 - 0x0000000027204000 	C:\Users\Shi\Documents\opends-4.5-homlab\jinput-raw_64.dll
0x00007fff6efd0000 - 0x00007fff6f06e000 	C:\Windows\System32\clbcatq.dll
0x00007fff63180000 - 0x00007fff631e7000 	C:\Windows\System32\MMDevApi.dll
0x00007fff693f0000 - 0x00007fff69586000 	C:\Windows\System32\PROPSYS.dll
0x00007fff3a380000 - 0x00007fff3a40c000 	C:\Windows\SYSTEM32\dsound.dll
0x00007fff61d90000 - 0x00007fff61e95000 	C:\Windows\SYSTEM32\AUDIOSES.DLL
0x00007fff63680000 - 0x00007fff6368b000 	C:\Windows\SYSTEM32\AVRT.dll
0x00007fff55010000 - 0x00007fff551b9000 	C:\Windows\SYSTEM32\dbghelp.dll

VM Arguments:
jvm_args: -Dfile.encoding=GBK 
java_command: eu.opends.main.Simulator
java_class_path (initial): C:\Users\Shi\Documents\opends-4.5-homlab\bin;C:\Users\Shi\Documents\opends-4.5-homlab\assets\JasperReports\log4j;C:\Users\Shi\Documents\opends-4.5-homlab\assets\Textures\Logo;C:\Users\Shi\Documents\opends-4.5-homlab\lib\CarOntology.jar;C:\Users\Shi\Documents\opends-4.5-homlab\lib\com.springsource.org.jaxen-1.1.1.jar;C:\Users\Shi\Documents\opends-4.5-homlab\lib\com.springsource.org.jdom-1.1.0.jar;C:\Users\Shi\Documents\opends-4.5-homlab\lib\commons-codec-1.4.jar;C:\Users\Shi\Documents\opends-4.5-homlab\lib\contre.jar;C:\Users\Shi\Documents\opends-4.5-homlab\lib\eyetracker.jar;C:\Users\Shi\Documents\opends-4.5-homlab\lib\ffjoystick.jar;C:\Users\Shi\Documents\opends-4.5-homlab\lib\simphynity.jar;C:\Users\Shi\Documents\opends-4.5-homlab\lib\j2ee-1.4.jar;C:\Users\Shi\Documents\opends-4.5-homlab\lib\Jama-1.0.3.jar;C:\Users\Shi\Documents\opends-4.5-homlab\lib\jaxdomBundle.jar;C:\Users\Shi\Documents\opends-4.5-homlab\lib\jaxen.jar;C:\Users\Shi\Documents\opends-4.5-homlab\lib\jdom.jar;C:\Users\Shi\Documents\opends-4.5-homlab\lib\KAPcomConnector.jar;C:\Users\Shi\Documents\opends-4.5-homlab\lib\mysql-connector-java-5.1.18-bin.jar;C:\Users\Shi\Documents\opends-4.5-homlab\lib\NetMessageProtocol.jar;C:\Users\Shi\Documents\opends-4.5-homlab\lib\tvpt.jar;C:\Users\Shi\Documents\opends-4.5-homlab\lib\oculus.jar;C:\Users\Shi\Documents\opends-4.5-homlab\lib\jme3.1\core-0.27.jar;C:\Users\Shi\Documents\opends-4.5-homlab\lib\jme3.1\dense64-0.27.jar;C:\Users\Shi\Documents\opends-4.5-homlab\lib\jme3.1\denseC64-0.27.jar;C:\Users\Shi\Documents\opends-4.5-homlab\lib\jme3.1\eventbus.jar;C:\Users\Shi\Documents\opends-4.5-homlab\lib\jme3.1\gluegen-rt-2.3.1-natives-linux-amd64.jar;C:\Users\Shi\Documents\opends-4.5-homlab\lib\jme3.1\gluegen-rt-2.3.1-natives-linux-armv6.jar;C:\Users\Shi\Documents\opends-4.5-homlab\lib\jme3.1\gluegen-rt-2.3.1-natives-linux-armv6hf.jar;C:\Users\Shi\Documents\opends-4.5-homlab\lib\jme3.1\gluegen-rt-2.3.1-natives-linux-i586.jar;C:\Users\Shi\
Launcher Type: SUN_STANDARD

Environment Variables:
PATH=C:/Program Files/Java/jre1.8.0_144/bin/server;C:/Program Files/Java/jre1.8.0_144/bin;C:/Program Files/Java/jre1.8.0_144/lib/amd64;C:\Program Files (x86)\Intel\iCLS Client\;C:\ProgramData\Oracle\Java\javapath;C:\Program Files\Intel\iCLS Client\;C:\Windows\system32;C:\Windows;C:\Windows\System32\Wbem;C:\Windows\System32\WindowsPowerShell\v1.0\;C:\Program Files\Intel\WiFi\bin\;C:\Program Files\Common Files\Intel\WirelessCommon\;C:\Program Files (x86)\GtkSharp\2.12\bin;c:\Program Files (x86)\Microsoft SQL Server\100\Tools\Binn\;c:\Program Files\Microsoft SQL Server\100\Tools\Binn\;c:\Program Files\Microsoft SQL Server\100\DTS\Binn\;C:\Program Files (x86)\Intel\Intel(R) Management Engine Components\DAL;C:\Program Files\Intel\Intel(R) Management Engine Components\DAL;C:\Program Files (x86)\Intel\Intel(R) Management Engine Components\IPT;C:\Program Files\Intel\Intel(R) Management Engine Components\IPT;C:\Users\Shi\AppData\Local\Microsoft\WindowsApps;C:\Users\Shi\AppData\Local\GitHubDesktop\bin;C:\Windows\System32;
USERNAME=Shi
OS=Windows_NT
PROCESSOR_IDENTIFIER=Intel64 Family 6 Model 158 Stepping 9, GenuineIntel



---------------  S Y S T E M  ---------------

OS: Windows 10.0 , 64 bit Build 15063 (10.0.15063.296)

CPU:total 8 (initial active 8) (4 cores per cpu, 2 threads per core) family 6 model 158 stepping 9, cmov, cx8, fxsr, mmx, sse, sse2, sse3, ssse3, sse4.1, sse4.2, popcnt, avx, avx2, aes, clmul, erms, 3dnowpref, lzcnt, ht, tsc, tscinvbit, bmi1, bmi2, adx

Memory: 4k page, physical 16595904k(10111776k free), swap 19086272k(10361340k free)

vm_info: Java HotSpot(TM) 64-Bit Server VM (25.144-b01) for windows-amd64 JRE (1.8.0_144-b01), built on Jul 21 2017 21:57:33 by "java_re" with MS VC++ 10.0 (VS2010)

time: Fri Jan 05 16:18:01 2018
elapsed time: 3 seconds (0d 0h 0m 3s)

