#
# A fatal error has been detected by the Java Runtime Environment:
#
#  EXCEPTION_ACCESS_VIOLATION (0xc0000005) at pc=0x0000000027891066, pid=15236, tid=0x0000000000000fe0
#
# JRE version: Java(TM) SE Runtime Environment (8.0_144-b01) (build 1.8.0_144-b01)
# Java VM: Java HotSpot(TM) 64-Bit Server VM (25.144-b01 mixed mode windows-amd64 compressed oops)
# Problematic frame:
# C  [OpenAL64.dll+0x11066]
#
# Failed to write core dump. Minidumps are not enabled by default on client versions of Windows
#
# If you would like to submit a bug report, please visit:
#   http://bugreport.java.com/bugreport/crash.jsp
# The crash happened outside the Java Virtual Machine in native code.
# See problematic frame for where to report the bug.
#

---------------  T H R E A D  ---------------

Current thread (0x000000001fba8000):  JavaThread "jME3 Main" [_thread_in_native, id=4064, stack(0x0000000027780000,0x0000000027880000)]

siginfo: ExceptionCode=0xc0000005, reading address 0x0000000020487004

Registers:
RAX=0x0000000000000004, RBX=0x00000000298d0090, RCX=0x0000000020487008, RDX=0x0000000020487004
RSP=0x000000002787ed50, RBP=0x0000000000000000, RSI=0x0000000020482cfc, RDI=0x0000000000000000
R8 =0x00000000000010c2, R9 =0x0000000020482cfc, R10=0x00000000029b7f48, R11=0x00000000684cbc50
R12=0x0000000000000100, R13=0x00000000294cdd28, R14=0x000000002787eef0, R15=0x000000001fba8000
RIP=0x0000000027891066, EFLAGS=0x0000000000010202

Top of Stack: (sp=0x000000002787ed50)
0x000000002787ed50:   0000000000000000 000000001c37eb10
0x000000002787ed60:   000000002014e5b0 000000001fba8000
0x000000002787ed70:   00000000294cdd28 0000000000000000
0x000000002787ed80:   000000001fba8000 000000002014e5b0
0x000000002787ed90:   00000000294cdd28 000000002787eef0
0x000000002787eda0:   000000001fa5ec60 000000006835b736
0x000000002787edb0:   000000002787f6c8 000000001e310540
0x000000002787edc0:   000000001fba8000 000000002787eef0
0x000000002787edd0:   00000000294cdd28 0000000000000000
0x000000002787ede0:   0000000020482cfc 000000076b9889a0
0x000000002787edf0:   000000002787eeb8 000000002789248f
0x000000002787ee00:   00000000298d0090 00000000298d0090
0x000000002787ee10:   000000000000ac44 0000000700000004
0x000000002787ee20:   0000000000000010 00000000029b7f74
0x000000002787ee30:   00000000294cdd28 0000000000000010
0x000000002787ee40:   0000000000000010 00000000029b7ceb 

Instructions: (pc=0x0000000027891066)
0x0000000027891046:   41 2b ec 81 3a 03 00 02 00 75 09 8b 01 89 84 24
0x0000000027891056:   c8 00 00 00 49 83 c0 02 48 83 c1 08 4a 8d 14 86
0x0000000027891066:   39 3a 75 af 4c 8d 84 24 c0 00 00 00 48 8d 15 d7
0x0000000027891076:   2b 03 00 33 c9 e8 58 5f 00 00 b8 40 1f 00 00 4c 


Register to memory mapping:

RAX=0x0000000000000004 is an unknown value
RBX=0x00000000298d0090 is an unknown value
RCX=0x0000000020487008 is an unknown value
RDX=0x0000000020487004 is an unknown value
RSP=0x000000002787ed50 is pointing into the stack for thread: 0x000000001fba8000
RBP=0x0000000000000000 is an unknown value
RSI=0x0000000020482cfc is an unknown value
RDI=0x0000000000000000 is an unknown value
R8 =0x00000000000010c2 is an unknown value
R9 =0x0000000020482cfc is an unknown value
R10=0x00000000029b7f48 is at code_begin+840 in an Interpreter codelet
method entry point (kind = native)  [0x00000000029b7c00, 0x00000000029b8560]  2400 bytes
R11=0x00000000684cbc50 is an unknown value
R12=0x0000000000000100 is an unknown value
R13={method} {0x00000000294cdd30} 'nalcCreateContext' '(JJ)J' in 'org/lwjgl/openal/ALC10'
R14=0x000000002787eef0 is pointing into the stack for thread: 0x000000001fba8000
R15=0x000000001fba8000 is a thread


Stack: [0x0000000027780000,0x0000000027880000],  sp=0x000000002787ed50,  free space=1019k
Native frames: (J=compiled Java code, j=interpreted, Vv=VM code, C=native code)

Java frames: (J=compiled Java code, j=interpreted, Vv=VM code)
j  org.lwjgl.openal.ALC10.nalcCreateContext(JJ)J+0
j  org.lwjgl.openal.ALC10.alcCreateContext(Lorg/lwjgl/openal/ALCdevice;Ljava/nio/IntBuffer;)Lorg/lwjgl/openal/ALCcontext;+8
j  org.lwjgl.openal.AL.init(Ljava/lang/String;IIZZ)V+69
j  org.lwjgl.openal.AL.create(Ljava/lang/String;IIZZ)V+246
j  org.lwjgl.openal.AL.create(Ljava/lang/String;IIZ)V+5
j  org.lwjgl.openal.AL.create()V+6
j  com.jme3.audio.lwjgl.LwjglALC.createALC()V+0
j  com.jme3.audio.openal.ALAudioRenderer.initOpenAL()V+16
j  com.jme3.audio.openal.ALAudioRenderer.initialize()V+21
j  com.jme3.app.Application.initAudio()V+40
j  com.jme3.app.Application.initialize()V+31
j  com.jme3.app.SimpleApplication.initialize()V+1
j  com.jme3.system.lwjgl.LwjglAbstractDisplay.initInThread()Z+90
j  com.jme3.system.lwjgl.LwjglAbstractDisplay.run()V+36
j  java.lang.Thread.run()V+11
v  ~StubRoutines::call_stub

---------------  P R O C E S S  ---------------

Java Threads: ( => current thread )
  0x000000001fc33000 JavaThread "Thread-8" daemon [_thread_in_native, id=9420, stack(0x0000000029630000,0x0000000029730000)]
  0x000000001fc37800 JavaThread "DestroyJavaVM" [_thread_blocked, id=14792, stack(0x00000000027a0000,0x00000000028a0000)]
=>0x000000001fba8000 JavaThread "jME3 Main" [_thread_in_native, id=4064, stack(0x0000000027780000,0x0000000027880000)]
  0x0000000020186800 JavaThread "TimerQueue" daemon [_thread_blocked, id=15452, stack(0x0000000026e80000,0x0000000026f80000)]
  0x00000000200da000 JavaThread "Image Fetcher 0" daemon [_thread_blocked, id=11576, stack(0x0000000026880000,0x0000000026980000)]
  0x000000002028a800 JavaThread "AWT-EventQueue-0" [_thread_blocked, id=4440, stack(0x0000000025d90000,0x0000000025e90000)]
  0x0000000020296000 JavaThread "AWT-Windows" daemon [_thread_in_native, id=8000, stack(0x0000000025c90000,0x0000000025d90000)]
  0x0000000020295000 JavaThread "AWT-Shutdown" [_thread_blocked, id=15864, stack(0x0000000025b90000,0x0000000025c90000)]
  0x0000000020294800 JavaThread "Java2D Disposer" daemon [_thread_blocked, id=5824, stack(0x0000000025a90000,0x0000000025b90000)]
  0x000000002025d800 JavaThread "Thread-3" daemon [_thread_in_native, id=16964, stack(0x0000000025690000,0x0000000025790000)]
  0x000000001f7b1800 JavaThread "JavaFX Application Thread" [_thread_in_native, id=16404, stack(0x0000000020e00000,0x0000000020f00000)]
  0x000000001fed3800 JavaThread "Thread-2" daemon [_thread_blocked, id=7580, stack(0x0000000020d00000,0x0000000020e00000)]
  0x00000000201bf800 JavaThread "QuantumRenderer-0" daemon [_thread_blocked, id=11644, stack(0x0000000020a90000,0x0000000020b90000)]
  0x000000001e353800 JavaThread "Service Thread" daemon [_thread_blocked, id=13712, stack(0x000000001ee20000,0x000000001ef20000)]
  0x000000001e2d1800 JavaThread "C1 CompilerThread3" daemon [_thread_blocked, id=13444, stack(0x000000001ed20000,0x000000001ee20000)]
  0x000000001e2c2800 JavaThread "C2 CompilerThread2" daemon [_thread_blocked, id=9876, stack(0x000000001ec20000,0x000000001ed20000)]
  0x000000001e2bf800 JavaThread "C2 CompilerThread1" daemon [_thread_blocked, id=17100, stack(0x000000001eb20000,0x000000001ec20000)]
  0x000000001e2bd800 JavaThread "C2 CompilerThread0" daemon [_thread_blocked, id=15940, stack(0x000000001ea20000,0x000000001eb20000)]
  0x000000001e2b8000 JavaThread "Attach Listener" daemon [_thread_blocked, id=14548, stack(0x000000001e920000,0x000000001ea20000)]
  0x000000001e2b7800 JavaThread "Signal Dispatcher" daemon [_thread_blocked, id=3576, stack(0x000000001e820000,0x000000001e920000)]
  0x000000001e250800 JavaThread "Finalizer" daemon [_thread_blocked, id=12272, stack(0x000000001e630000,0x000000001e730000)]
  0x000000000299d800 JavaThread "Reference Handler" daemon [_thread_blocked, id=9872, stack(0x000000001e130000,0x000000001e230000)]

Other Threads:
  0x000000001c368800 VMThread [stack: 0x000000001e030000,0x000000001e130000] [id=6764]
  0x000000001e3ed800 WatcherThread [stack: 0x000000001ef20000,0x000000001f020000] [id=15984]

VM state:not at safepoint (normal execution)

VM Mutex/Monitor currently owned by a thread: None

Heap:
 PSYoungGen      total 75776K, used 62798K [0x000000076b980000, 0x0000000770e00000, 0x00000007c0000000)
  eden space 65024K, 96% used [0x000000076b980000,0x000000076f6d38d8,0x000000076f900000)
  from space 10752K, 0% used [0x0000000770380000,0x0000000770380000,0x0000000770e00000)
  to   space 10752K, 0% used [0x000000076f900000,0x000000076f900000,0x0000000770380000)
 ParOldGen       total 173568K, used 0K [0x00000006c2c00000, 0x00000006cd580000, 0x000000076b980000)
  object space 173568K, 0% used [0x00000006c2c00000,0x00000006c2c00000,0x00000006cd580000)
 Metaspace       used 20540K, capacity 20929K, committed 21296K, reserved 1069056K
  class space    used 2477K, capacity 2618K, committed 2688K, reserved 1048576K

Card table byte_map: [0x0000000011d60000,0x0000000012550000] byte_map_base: 0x000000000e74a000

Marking Bits: (ParMarkBitMap*) 0x0000000068abd850
 Begin Bits: [0x00000000132a0000, 0x00000000171f0000)
 End Bits:   [0x00000000171f0000, 0x000000001b140000)

Polling page: 0x0000000000af0000

CodeCache: size=245760Kb used=5350Kb max_used=5360Kb free=240409Kb
 bounds [0x00000000029a0000, 0x0000000002ef0000, 0x00000000119a0000]
 total_blobs=2411 nmethods=1704 adapters=619
 compilation: enabled

Compilation events (10 events):
Event: 5.282 Thread 0x000000001e2d1800 1696       3       sun.reflect.UnsafeStaticFieldAccessorImpl::<init> (17 bytes)
Event: 5.282 Thread 0x000000001e2bd800 nmethod 1692 0x0000000002ed9d90 code [0x0000000002ed9ec0, 0x0000000002eda018]
Event: 5.282 Thread 0x000000001e2d1800 nmethod 1696 0x0000000002ed98d0 code [0x0000000002ed9a40, 0x0000000002ed9cb8]
Event: 5.282 Thread 0x000000001e2d1800 1699       3       sun.reflect.UnsafeQualifiedStaticFieldAccessorImpl::<init> (11 bytes)
Event: 5.283 Thread 0x000000001e2d1800 nmethod 1699 0x0000000002edb090 code [0x0000000002edb200, 0x0000000002edb4f8]
Event: 5.284 Thread 0x000000001e2d1800 1703       3       java.util.regex.Pattern$Start::match (90 bytes)
Event: 5.284 Thread 0x000000001e2d1800 nmethod 1703 0x0000000002eda910 code [0x0000000002edaaa0, 0x0000000002edaea8]
Event: 5.285 Thread 0x000000001e2bf800 nmethod 1685 0x0000000002edf7d0 code [0x0000000002edf940, 0x0000000002ee00f8]
Event: 5.289 Thread 0x000000001e2d1800 1704       1       java.util.Hashtable::access$500 (5 bytes)
Event: 5.289 Thread 0x000000001e2d1800 nmethod 1704 0x0000000002eda650 code [0x0000000002eda7a0, 0x0000000002eda890]

GC Heap History (0 events):
No events

Deoptimization events (10 events):
Event: 0.831 Thread 0x0000000020296000 Uncommon trap: reason=bimorphic action=maybe_recompile pc=0x0000000002cecdec method=java.util.HashMap.putVal(ILjava/lang/Object;Ljava/lang/Object;ZZ)Ljava/lang/Object; @ 203
Event: 0.872 Thread 0x000000002028a800 Uncommon trap: reason=class_check action=maybe_recompile pc=0x0000000002b455c4 method=java.lang.String.equals(Ljava/lang/Object;)Z @ 8
Event: 0.872 Thread 0x000000002028a800 Uncommon trap: reason=class_check action=maybe_recompile pc=0x0000000002b455c4 method=java.lang.String.equals(Ljava/lang/Object;)Z @ 8
Event: 0.872 Thread 0x000000002028a800 Uncommon trap: reason=class_check action=maybe_recompile pc=0x0000000002b455c4 method=java.lang.String.equals(Ljava/lang/Object;)Z @ 8
Event: 0.874 Thread 0x000000002028a800 Uncommon trap: reason=class_check action=maybe_recompile pc=0x0000000002b455c4 method=java.lang.String.equals(Ljava/lang/Object;)Z @ 8
Event: 4.388 Thread 0x000000001fba8000 Uncommon trap: reason=class_check action=maybe_recompile pc=0x0000000002d3afdc method=java.nio.charset.CharsetEncoder.reset()Ljava/nio/charset/CharsetEncoder; @ 1
Event: 4.429 Thread 0x000000001fba8000 Uncommon trap: reason=class_check action=maybe_recompile pc=0x0000000002d3afdc method=java.nio.charset.CharsetEncoder.reset()Ljava/nio/charset/CharsetEncoder; @ 1
Event: 4.429 Thread 0x000000001fba8000 Uncommon trap: reason=class_check action=maybe_recompile pc=0x0000000002d3afdc method=java.nio.charset.CharsetEncoder.reset()Ljava/nio/charset/CharsetEncoder; @ 1
Event: 4.429 Thread 0x000000001fba8000 Uncommon trap: reason=class_check action=maybe_recompile pc=0x0000000002d3afdc method=java.nio.charset.CharsetEncoder.reset()Ljava/nio/charset/CharsetEncoder; @ 1
Event: 4.700 Thread 0x000000001fba8000 Uncommon trap: reason=predicate action=maybe_recompile pc=0x0000000002ed20ec method=java.lang.String.regionMatches(ZILjava/lang/String;II)Z @ 63

Internal exceptions (10 events):
Event: 0.718 Thread 0x000000002028a800 Implicit null exception at 0x0000000002bea315 to 0x0000000002bea515
Event: 0.720 Thread 0x000000002028a800 Exception <a 'java/lang/NoClassDefFoundError'> (0x000000076d84ca30) thrown at [C:\re\workspace\8-2-build-windows-amd64-cygwin\jdk8u144\9417\hotspot\src\share\vm\prims\jvm.cpp, line 1394]
Event: 0.744 Thread 0x000000002028a800 Exception <a 'java/io/FileNotFoundException'> (0x000000076d93fa40) thrown at [C:\re\workspace\8-2-build-windows-amd64-cygwin\jdk8u144\9417\hotspot\src\share\vm\prims\jni.cpp, line 709]
Event: 0.744 Thread 0x000000002028a800 Exception <a 'java/lang/NullPointerException'> (0x000000076d940218) thrown at [C:\re\workspace\8-2-build-windows-amd64-cygwin\jdk8u144\9417\hotspot\src\share\vm\interpreter\linkResolver.cpp, line 1197]
Event: 5.293 Thread 0x000000001fba8000 Exception <a 'java/security/PrivilegedActionException'> (0x000000076f5a2df8) thrown at [C:\re\workspace\8-2-build-windows-amd64-cygwin\jdk8u144\9417\hotspot\src\share\vm\prims\jvm.cpp, line 1390]
Event: 5.293 Thread 0x000000001fba8000 Exception <a 'java/security/PrivilegedActionException'> (0x000000076f5a4968) thrown at [C:\re\workspace\8-2-build-windows-amd64-cygwin\jdk8u144\9417\hotspot\src\share\vm\prims\jvm.cpp, line 1390]
Event: 5.293 Thread 0x000000001fba8000 Exception <a 'java/security/PrivilegedActionException'> (0x000000076f5a5a88) thrown at [C:\re\workspace\8-2-build-windows-amd64-cygwin\jdk8u144\9417\hotspot\src\share\vm\prims\jvm.cpp, line 1390]
Event: 5.294 Thread 0x000000001fba8000 Exception <a 'java/security/PrivilegedActionException'> (0x000000076f5aaba8) thrown at [C:\re\workspace\8-2-build-windows-amd64-cygwin\jdk8u144\9417\hotspot\src\share\vm\prims\jvm.cpp, line 1390]
Event: 5.294 Thread 0x000000001fba8000 Exception <a 'java/security/PrivilegedActionException'> (0x000000076f5ab800) thrown at [C:\re\workspace\8-2-build-windows-amd64-cygwin\jdk8u144\9417\hotspot\src\share\vm\prims\jvm.cpp, line 1390]
Event: 5.294 Thread 0x000000001fba8000 Exception <a 'java/security/PrivilegedActionException'> (0x000000076f5ac428) thrown at [C:\re\workspace\8-2-build-windows-amd64-cygwin\jdk8u144\9417\hotspot\src\share\vm\prims\jvm.cpp, line 1390]

Events (10 events):
Event: 5.294 loading class org/lwjgl/openal/ALC10
Event: 5.294 loading class org/lwjgl/openal/ALC10 done
Event: 5.300 loading class org/lwjgl/openal/ALCdevice
Event: 5.300 loading class org/lwjgl/openal/ALCdevice done
Event: 5.300 loading class org/lwjgl/openal/ALCcontext
Event: 5.300 loading class org/lwjgl/openal/ALCcontext done
Event: 5.301 loading class org/lwjgl/openal/Util
Event: 5.301 loading class org/lwjgl/openal/Util done
Event: 5.301 loading class org/lwjgl/openal/OpenALException
Event: 5.301 loading class org/lwjgl/openal/OpenALException done


Dynamic libraries:
0x00007ff787280000 - 0x00007ff7872b7000 	C:\Program Files\Java\jre1.8.0_144\bin\javaw.exe
0x00007ffb8dc70000 - 0x00007ffb8de4b000 	C:\Windows\SYSTEM32\ntdll.dll
0x00007ffb8b6a0000 - 0x00007ffb8b74e000 	C:\Windows\System32\KERNEL32.DLL
0x00007ffb8a4e0000 - 0x00007ffb8a729000 	C:\Windows\System32\KERNELBASE.dll
0x00007ffb8be50000 - 0x00007ffb8bef1000 	C:\Windows\System32\ADVAPI32.dll
0x00007ffb8b750000 - 0x00007ffb8b7ed000 	C:\Windows\System32\msvcrt.dll
0x00007ffb8dc10000 - 0x00007ffb8dc69000 	C:\Windows\System32\sechost.dll
0x00007ffb8ba70000 - 0x00007ffb8bb95000 	C:\Windows\System32\RPCRT4.dll
0x00007ffb8d420000 - 0x00007ffb8d56a000 	C:\Windows\System32\USER32.dll
0x00007ffb8a2a0000 - 0x00007ffb8a2be000 	C:\Windows\System32\win32u.dll
0x00007ffb8bf00000 - 0x00007ffb8bf27000 	C:\Windows\System32\GDI32.dll
0x00007ffb8a830000 - 0x00007ffb8a9b7000 	C:\Windows\System32\gdi32full.dll
0x00007ffb8a9c0000 - 0x00007ffb8aa5a000 	C:\Windows\System32\msvcp_win.dll
0x00007ffb8a730000 - 0x00007ffb8a826000 	C:\Windows\System32\ucrtbase.dll
0x00007ffb7a010000 - 0x00007ffb7a277000 	C:\Windows\WinSxS\amd64_microsoft.windows.common-controls_6595b64144ccf1df_6.0.15063.483_none_26002d27e7c744a2\COMCTL32.dll
0x00007ffb8b3a0000 - 0x00007ffb8b699000 	C:\Windows\System32\combase.dll
0x00007ffb8b160000 - 0x00007ffb8b1ca000 	C:\Windows\System32\bcryptPrimitives.dll
0x00007ffb8bfb0000 - 0x00007ffb8bfdd000 	C:\Windows\System32\IMM32.DLL
0x00000000694b0000 - 0x0000000069582000 	C:\Program Files\Java\jre1.8.0_144\bin\msvcr100.dll
0x00000000682a0000 - 0x0000000068b3d000 	C:\Program Files\Java\jre1.8.0_144\bin\server\jvm.dll
0x00007ffb8d720000 - 0x00007ffb8d728000 	C:\Windows\System32\PSAPI.DLL
0x00007ffb858f0000 - 0x00007ffb858fa000 	C:\Windows\SYSTEM32\VERSION.dll
0x00007ffb70f90000 - 0x00007ffb70f99000 	C:\Windows\SYSTEM32\WSOCK32.dll
0x00007ffb83920000 - 0x00007ffb83943000 	C:\Windows\SYSTEM32\WINMM.dll
0x00007ffb8bf40000 - 0x00007ffb8bfac000 	C:\Windows\System32\WS2_32.dll
0x00007ffb837a0000 - 0x00007ffb837cb000 	C:\Windows\SYSTEM32\WINMMBASE.dll
0x00007ffb8a2c0000 - 0x00007ffb8a309000 	C:\Windows\System32\cfgmgr32.dll
0x0000000069660000 - 0x000000006966f000 	C:\Program Files\Java\jre1.8.0_144\bin\verify.dll
0x0000000069630000 - 0x0000000069659000 	C:\Program Files\Java\jre1.8.0_144\bin\java.dll
0x0000000069610000 - 0x0000000069626000 	C:\Program Files\Java\jre1.8.0_144\bin\zip.dll
0x00007ffb8bfe0000 - 0x00007ffb8d417000 	C:\Windows\System32\SHELL32.dll
0x00007ffb8b7f0000 - 0x00007ffb8b89a000 	C:\Windows\System32\shcore.dll
0x00007ffb8aa60000 - 0x00007ffb8b151000 	C:\Windows\System32\windows.storage.dll
0x00007ffb8b1d0000 - 0x00007ffb8b221000 	C:\Windows\System32\shlwapi.dll
0x00007ffb8a170000 - 0x00007ffb8a181000 	C:\Windows\System32\kernel.appcore.dll
0x00007ffb8a120000 - 0x00007ffb8a16c000 	C:\Windows\System32\powrprof.dll
0x00007ffb8a100000 - 0x00007ffb8a115000 	C:\Windows\System32\profapi.dll
0x00000000695f0000 - 0x000000006960a000 	C:\Program Files\Java\jre1.8.0_144\bin\net.dll
0x00007ffb899f0000 - 0x00007ffb89a4c000 	C:\Windows\system32\mswsock.dll
0x00000000695d0000 - 0x00000000695e1000 	C:\Program Files\Java\jre1.8.0_144\bin\nio.dll
0x00007ffb892f0000 - 0x00007ffb89321000 	C:\Windows\SYSTEM32\ntmarta.dll
0x00007ffb89b90000 - 0x00007ffb89ba7000 	C:\Windows\SYSTEM32\CRYPTSP.dll
0x00007ffb89610000 - 0x00007ffb89644000 	C:\Windows\system32\rsaenh.dll
0x00007ffb89ca0000 - 0x00007ffb89cc5000 	C:\Windows\SYSTEM32\bcrypt.dll
0x00007ffb8a010000 - 0x00007ffb8a039000 	C:\Windows\SYSTEM32\USERENV.dll
0x00007ffb89bb0000 - 0x00007ffb89bbb000 	C:\Windows\SYSTEM32\CRYPTBASE.dll
0x00007ffb89790000 - 0x00007ffb897c7000 	C:\Windows\SYSTEM32\IPHLPAPI.DLL
0x00007ffb8b8a0000 - 0x00007ffb8b8a8000 	C:\Windows\System32\NSI.dll
0x00007ffb841d0000 - 0x00007ffb841e6000 	C:\Windows\SYSTEM32\dhcpcsvc6.DLL
0x00007ffb842d0000 - 0x00007ffb842ea000 	C:\Windows\SYSTEM32\dhcpcsvc.DLL
0x0000000180000000 - 0x0000000180038000 	C:\Users\Shi\AppData\Local\Temp\jna-83092\jna4999600899774310206.dll
0x00007ffb76270000 - 0x00007ffb76337000 	\\?\C:\Users\Shi\AppData\Local\Temp\JNA-83~1\JNA396~1.DLL
0x00007ffb8d7d0000 - 0x00007ffb8dc0b000 	C:\Windows\System32\SETUPAPI.dll
0x00007ffb76c30000 - 0x00007ffb76d51000 	C:\Windows\SYSTEM32\OPENGL32.dll
0x00007ffb80a40000 - 0x00007ffb80a6c000 	C:\Windows\SYSTEM32\GLU32.dll
0x00007ffb761a0000 - 0x00007ffb76267000 	\\?\C:\Users\Shi\AppData\Local\Temp\JNA-83~1\JNA726~1.DLL
0x00007ffb88fa0000 - 0x00007ffb88fad000 	C:\Windows\SYSTEM32\hid.dll
0x00007ffb888d0000 - 0x00007ffb88965000 	C:\Windows\system32\uxtheme.dll
0x00007ffb81f30000 - 0x00007ffb81f5a000 	C:\Windows\system32\dwmapi.dll
0x00007ffb88ce0000 - 0x00007ffb88d08000 	C:\Windows\System32\DEVOBJ.dll
0x00007ffb8a240000 - 0x00007ffb8a297000 	C:\Windows\System32\WINTRUST.dll
0x00007ffb8a0e0000 - 0x00007ffb8a0f1000 	C:\Windows\System32\MSASN1.dll
0x00007ffb8a310000 - 0x00007ffb8a4d9000 	C:\Windows\System32\CRYPT32.dll
0x00007ffb6d670000 - 0x00007ffb6d75f000 	C:\Program Files\Java\jre1.8.0_144\bin\msvcr120.dll
0x00007ffb6b2e0000 - 0x00007ffb6b386000 	C:\Program Files\Java\jre1.8.0_144\bin\msvcp120.dll
0x0000000069480000 - 0x00000000694a2000 	C:\Program Files\Java\jre1.8.0_144\bin\prism_d3d.dll
0x00007ffb61ac0000 - 0x00007ffb61c49000 	C:\Windows\system32\d3d9.dll
0x00007ffb4b290000 - 0x00007ffb50a7c000 	C:\Windows\System32\DriverStore\FileRepository\igdlh64.inf_amd64_88725e48ac7d5315\igdumdim64.dll
0x00007ffb8bd30000 - 0x00007ffb8bdf0000 	C:\Windows\System32\OLEAUT32.dll
0x00007ffb8d570000 - 0x00007ffb8d6b5000 	C:\Windows\System32\ole32.dll
0x0000000069430000 - 0x0000000069473000 	C:\Program Files\Java\jre1.8.0_144\bin\glass.dll
0x00007ffb8bba0000 - 0x00007ffb8bca8000 	C:\Windows\System32\COMDLG32.dll
0x00007ffb8b230000 - 0x00007ffb8b396000 	C:\Windows\System32\MSCTF.dll
0x00007ffb7a850000 - 0x00007ffb7b9af000 	C:\Windows\System32\DriverStore\FileRepository\igdlh64.inf_amd64_88725e48ac7d5315\igc64.dll
0x0000000068100000 - 0x0000000068298000 	C:\Program Files\Java\jre1.8.0_144\bin\awt.dll
0x00007ffb88790000 - 0x00007ffb8880e000 	C:\Windows\SYSTEM32\apphelp.dll
0x00000000693e0000 - 0x0000000069427000 	C:\Program Files\Java\jre1.8.0_144\bin\fontmanager.dll
0x0000000068dc0000 - 0x0000000068e02000 	C:\Program Files\Java\jre1.8.0_144\bin\t2k.dll
0x00007ffb83e40000 - 0x00007ffb83ec2000 	C:\Windows\System32\TextInputFramework.dll
0x00007ffb80fa0000 - 0x00007ffb81273000 	C:\Windows\System32\CoreUIComponents.dll
0x00007ffb87ff0000 - 0x00007ffb880d4000 	C:\Windows\System32\CoreMessaging.dll
0x00007ffb86f40000 - 0x00007ffb87079000 	C:\Windows\SYSTEM32\wintypes.dll
0x00007ffb859b0000 - 0x00007ffb859c5000 	C:\Windows\SYSTEM32\usermgrcli.dll
0x0000000027880000 - 0x00000000278e4000 	C:\Users\Shi\Documents\opends-4.5-homlab\OpenAL64.dll
0x0000000027940000 - 0x0000000027956000 	C:\Users\Shi\Documents\opends-4.5-homlab\jinput-dx8_64.dll
0x00007ffb79880000 - 0x00007ffb798c2000 	C:\Windows\SYSTEM32\DINPUT8.dll
0x00000000279a0000 - 0x00000000279f3000 	C:\Users\Shi\Documents\opends-4.5-homlab\lwjgl64.dll
0x00007ffb4a530000 - 0x00007ffb4b28b000 	C:\Windows\System32\DriverStore\FileRepository\igdlh64.inf_amd64_88725e48ac7d5315\ig9icd64.dll
0x00007ffb86a80000 - 0x00007ffb86a93000 	C:\Windows\SYSTEM32\WTSAPI32.dll
0x00007ffb83f60000 - 0x00007ffb83ff3000 	C:\Windows\SYSTEM32\mscms.dll
0x00007ffb79780000 - 0x00007ffb797c1000 	C:\Windows\SYSTEM32\icm32.dll
0x00000000295d0000 - 0x00000000295e4000 	C:\Users\Shi\Documents\opends-4.5-homlab\jinput-raw_64.dll
0x00007ffb8d730000 - 0x00007ffb8d7ce000 	C:\Windows\System32\clbcatq.dll
0x00007ffb849a0000 - 0x00007ffb84a07000 	C:\Windows\System32\MMDevApi.dll
0x00007ffb846d0000 - 0x00007ffb84866000 	C:\Windows\System32\PROPSYS.dll
0x00007ffb702d0000 - 0x00007ffb7035c000 	C:\Windows\SYSTEM32\dsound.dll
0x00007ffb83980000 - 0x00007ffb83a85000 	C:\Windows\SYSTEM32\AUDIOSES.DLL
0x00007ffb86850000 - 0x00007ffb8685b000 	C:\Windows\SYSTEM32\AVRT.dll
0x00007ffb6bfc0000 - 0x00007ffb6c169000 	C:\Windows\SYSTEM32\dbghelp.dll

VM Arguments:
jvm_args: -Dfile.encoding=GBK 
java_command: eu.opends.main.Simulator
java_class_path (initial): C:\Users\Shi\Documents\opends-4.5-homlab\bin;C:\Users\Shi\Documents\opends-4.5-homlab\assets\JasperReports\log4j;C:\Users\Shi\Documents\opends-4.5-homlab\assets\Textures\Logo;C:\Users\Shi\Documents\opends-4.5-homlab\lib\CarOntology.jar;C:\Users\Shi\Documents\opends-4.5-homlab\lib\com.springsource.org.jaxen-1.1.1.jar;C:\Users\Shi\Documents\opends-4.5-homlab\lib\com.springsource.org.jdom-1.1.0.jar;C:\Users\Shi\Documents\opends-4.5-homlab\lib\commons-codec-1.4.jar;C:\Users\Shi\Documents\opends-4.5-homlab\lib\contre.jar;C:\Users\Shi\Documents\opends-4.5-homlab\lib\eyetracker.jar;C:\Users\Shi\Documents\opends-4.5-homlab\lib\ffjoystick.jar;C:\Users\Shi\Documents\opends-4.5-homlab\lib\simphynity.jar;C:\Users\Shi\Documents\opends-4.5-homlab\lib\j2ee-1.4.jar;C:\Users\Shi\Documents\opends-4.5-homlab\lib\Jama-1.0.3.jar;C:\Users\Shi\Documents\opends-4.5-homlab\lib\jaxdomBundle.jar;C:\Users\Shi\Documents\opends-4.5-homlab\lib\jaxen.jar;C:\Users\Shi\Documents\opends-4.5-homlab\lib\jdom.jar;C:\Users\Shi\Documents\opends-4.5-homlab\lib\KAPcomConnector.jar;C:\Users\Shi\Documents\opends-4.5-homlab\lib\mysql-connector-java-5.1.18-bin.jar;C:\Users\Shi\Documents\opends-4.5-homlab\lib\NetMessageProtocol.jar;C:\Users\Shi\Documents\opends-4.5-homlab\lib\tvpt.jar;C:\Users\Shi\Documents\opends-4.5-homlab\lib\oculus.jar;C:\Users\Shi\Documents\opends-4.5-homlab\lib\jme3.1\core-0.27.jar;C:\Users\Shi\Documents\opends-4.5-homlab\lib\jme3.1\dense64-0.27.jar;C:\Users\Shi\Documents\opends-4.5-homlab\lib\jme3.1\denseC64-0.27.jar;C:\Users\Shi\Documents\opends-4.5-homlab\lib\jme3.1\eventbus.jar;C:\Users\Shi\Documents\opends-4.5-homlab\lib\jme3.1\gluegen-rt-2.3.1-natives-linux-amd64.jar;C:\Users\Shi\Documents\opends-4.5-homlab\lib\jme3.1\gluegen-rt-2.3.1-natives-linux-armv6.jar;C:\Users\Shi\Documents\opends-4.5-homlab\lib\jme3.1\gluegen-rt-2.3.1-natives-linux-armv6hf.jar;C:\Users\Shi\Documents\opends-4.5-homlab\lib\jme3.1\gluegen-rt-2.3.1-natives-linux-i586.jar;C:\Users\Shi\
Launcher Type: SUN_STANDARD

Environment Variables:
PATH=C:/Program Files/Java/jre1.8.0_144/bin/server;C:/Program Files/Java/jre1.8.0_144/bin;C:/Program Files/Java/jre1.8.0_144/lib/amd64;C:\Program Files (x86)\NVIDIA Corporation\PhysX\Common;C:\Program Files (x86)\Intel\iCLS Client\;C:\ProgramData\Oracle\Java\javapath;C:\Program Files\Intel\iCLS Client\;C:\Windows\system32;C:\Windows;C:\Windows\System32\Wbem;C:\Windows\System32\WindowsPowerShell\v1.0\;C:\Program Files\Intel\WiFi\bin\;C:\Program Files\Common Files\Intel\WirelessCommon\;C:\Program Files (x86)\GtkSharp\2.12\bin;c:\Program Files (x86)\Microsoft SQL Server\100\Tools\Binn\;c:\Program Files\Microsoft SQL Server\100\Tools\Binn\;c:\Program Files\Microsoft SQL Server\100\DTS\Binn\;C:\Program Files (x86)\Intel\Intel(R) Management Engine Components\DAL;C:\Program Files\Intel\Intel(R) Management Engine Components\DAL;C:\Program Files (x86)\Intel\Intel(R) Management Engine Components\IPT;C:\Program Files\Intel\Intel(R) Management Engine Components\IPT;C:\Users\Shi\AppData\Local\Microsoft\WindowsApps;C:\Users\Shi\AppData\Local\GitHubDesktop\bin;C:\Windows\System32;
USERNAME=Shi
OS=Windows_NT
PROCESSOR_IDENTIFIER=Intel64 Family 6 Model 158 Stepping 9, GenuineIntel



---------------  S Y S T E M  ---------------

OS: Windows 10.0 , 64 bit Build 15063 (10.0.15063.296)

CPU:total 8 (initial active 8) (4 cores per cpu, 2 threads per core) family 6 model 158 stepping 9, cmov, cx8, fxsr, mmx, sse, sse2, sse3, ssse3, sse4.1, sse4.2, popcnt, avx, avx2, aes, clmul, erms, 3dnowpref, lzcnt, ht, tsc, tscinvbit, bmi1, bmi2, adx

Memory: 4k page, physical 16595904k(12596776k free), swap 19086272k(14479392k free)

vm_info: Java HotSpot(TM) 64-Bit Server VM (25.144-b01) for windows-amd64 JRE (1.8.0_144-b01), built on Jul 21 2017 21:57:33 by "java_re" with MS VC++ 10.0 (VS2010)

time: Mon Mar 12 16:44:10 2018
elapsed time: 5 seconds (0d 0h 0m 5s)

