#
# A fatal error has been detected by the Java Runtime Environment:
#
#  EXCEPTION_ACCESS_VIOLATION (0xc0000005) at pc=0x0000000028d61066, pid=9964, tid=0x0000000000001edc
#
# JRE version: Java(TM) SE Runtime Environment (8.0_144-b01) (build 1.8.0_144-b01)
# Java VM: Java HotSpot(TM) 64-Bit Server VM (25.144-b01 mixed mode windows-amd64 compressed oops)
# Problematic frame:
# C  [OpenAL64.dll+0x11066]
#
# Failed to write core dump. Minidumps are not enabled by default on client versions of Windows
#
# If you would like to submit a bug report, please visit:
#   http://bugreport.java.com/bugreport/crash.jsp
# The crash happened outside the Java Virtual Machine in native code.
# See problematic frame for where to report the bug.
#

---------------  T H R E A D  ---------------

Current thread (0x000000001fdbe000):  JavaThread "jME3 Main" [_thread_in_native, id=7900, stack(0x0000000028c50000,0x0000000028d50000)]

siginfo: ExceptionCode=0xc0000005, reading address 0x000000002064a004

Registers:
RAX=0x000000000002ffff, RBX=0x000000002b830090, RCX=0x000000002064a008, RDX=0x000000002064a004
RSP=0x0000000028d4eb60, RBP=0x00000000000000ff, RSI=0x00000000206465ac, RDI=0x0000000000000000
R8 =0x0000000000000e96, R9 =0x00000000206465ac, R10=0x0000000002c47f48, R11=0x000000005ce8bc50
R12=0x0000000000000001, R13=0x000000002b3ee9a0, R14=0x0000000028d4ed00, R15=0x000000001fdbe000
RIP=0x0000000028d61066, EFLAGS=0x0000000000010202

Top of Stack: (sp=0x0000000028d4eb60)
0x0000000028d4eb60:   0000000000000000 000000001e4cce00
0x0000000028d4eb70:   00000000205e90f0 000000001fdbe000
0x0000000028d4eb80:   000000002b3ee9a0 0000000000000000
0x0000000028d4eb90:   000000001fdbe000 00000000205e90f0
0x0000000028d4eba0:   000000002b3ee9a0 0000000028d4ed00
0x0000000028d4ebb0:   00000000203746b0 000000005cd1b736
0x0000000028d4ebc0:   0000000028d4f4d8 000000001e52a610
0x0000000028d4ebd0:   000000001fdbe000 0000000028d4ed00
0x0000000028d4ebe0:   000000002b3ee9a0 0000000000000000
0x0000000028d4ebf0:   00000000206465ac 000000076b9889a0
0x0000000028d4ec00:   0000000028d4ecc8 0000000028d6248f
0x0000000028d4ec10:   000000002b830090 000000002b830090
0x0000000028d4ec20:   000000000000ac44 000000070002ffff
0x0000000028d4ec30:   0000000000000010 0000000002c47f74
0x0000000028d4ec40:   000000002b3ee9a0 0000000000000010
0x0000000028d4ec50:   0000000000000010 0000000002c47ceb 

Instructions: (pc=0x0000000028d61066)
0x0000000028d61046:   41 2b ec 81 3a 03 00 02 00 75 09 8b 01 89 84 24
0x0000000028d61056:   c8 00 00 00 49 83 c0 02 48 83 c1 08 4a 8d 14 86
0x0000000028d61066:   39 3a 75 af 4c 8d 84 24 c0 00 00 00 48 8d 15 d7
0x0000000028d61076:   2b 03 00 33 c9 e8 58 5f 00 00 b8 40 1f 00 00 4c 


Register to memory mapping:

RAX=0x000000000002ffff is an unknown value
RBX=0x000000002b830090 is an unknown value
RCX=0x000000002064a008 is an unknown value
RDX=0x000000002064a004 is an unknown value
RSP=0x0000000028d4eb60 is pointing into the stack for thread: 0x000000001fdbe000
RBP=0x00000000000000ff is an unknown value
RSI=0x00000000206465ac is an unknown value
RDI=0x0000000000000000 is an unknown value
R8 =0x0000000000000e96 is an unknown value
R9 =0x00000000206465ac is an unknown value
R10=0x0000000002c47f48 is at code_begin+840 in an Interpreter codelet
method entry point (kind = native)  [0x0000000002c47c00, 0x0000000002c48560]  2400 bytes
R11=0x000000005ce8bc50 is an unknown value
R12=0x0000000000000001 is an unknown value
R13={method} {0x000000002b3ee9a8} 'nalcCreateContext' '(JJ)J' in 'org/lwjgl/openal/ALC10'
R14=0x0000000028d4ed00 is pointing into the stack for thread: 0x000000001fdbe000
R15=0x000000001fdbe000 is a thread


Stack: [0x0000000028c50000,0x0000000028d50000],  sp=0x0000000028d4eb60,  free space=1018k
Native frames: (J=compiled Java code, j=interpreted, Vv=VM code, C=native code)
C  [OpenAL64.dll+0x11066]
C  [OpenAL64.dll+0x1248f]
C  0x0000000002c47f74

Java frames: (J=compiled Java code, j=interpreted, Vv=VM code)
j  org.lwjgl.openal.ALC10.nalcCreateContext(JJ)J+0
j  org.lwjgl.openal.ALC10.alcCreateContext(Lorg/lwjgl/openal/ALCdevice;Ljava/nio/IntBuffer;)Lorg/lwjgl/openal/ALCcontext;+8
j  org.lwjgl.openal.AL.init(Ljava/lang/String;IIZZ)V+69
j  org.lwjgl.openal.AL.create(Ljava/lang/String;IIZZ)V+246
j  org.lwjgl.openal.AL.create(Ljava/lang/String;IIZ)V+5
j  org.lwjgl.openal.AL.create()V+6
j  com.jme3.audio.lwjgl.LwjglALC.createALC()V+0
j  com.jme3.audio.openal.ALAudioRenderer.initOpenAL()V+16
j  com.jme3.audio.openal.ALAudioRenderer.initialize()V+21
j  com.jme3.app.Application.initAudio()V+40
j  com.jme3.app.Application.initialize()V+31
j  com.jme3.app.SimpleApplication.initialize()V+1
j  com.jme3.system.lwjgl.LwjglAbstractDisplay.initInThread()Z+90
j  com.jme3.system.lwjgl.LwjglAbstractDisplay.run()V+36
j  java.lang.Thread.run()V+11
v  ~StubRoutines::call_stub

---------------  P R O C E S S  ---------------

Java Threads: ( => current thread )
  0x00000000205f6800 JavaThread "Thread-8" daemon [_thread_in_native, id=4712, stack(0x000000002b540000,0x000000002b640000)]
  0x00000000205f3000 JavaThread "DestroyJavaVM" [_thread_blocked, id=13612, stack(0x00000000029d0000,0x0000000002ad0000)]
=>0x000000001fdbe000 JavaThread "jME3 Main" [_thread_in_native, id=7900, stack(0x0000000028c50000,0x0000000028d50000)]
  0x000000001fd86800 JavaThread "TimerQueue" daemon [_thread_blocked, id=9068, stack(0x0000000028350000,0x0000000028450000)]
  0x000000001fe85800 JavaThread "Image Fetcher 0" daemon [_thread_blocked, id=8332, stack(0x0000000027d50000,0x0000000027e50000)]
  0x000000002013e800 JavaThread "AWT-EventQueue-0" [_thread_blocked, id=3604, stack(0x0000000026700000,0x0000000026800000)]
  0x000000001fa05800 JavaThread "AWT-Windows" daemon [_thread_in_native, id=12888, stack(0x0000000026600000,0x0000000026700000)]
  0x000000001fa05000 JavaThread "AWT-Shutdown" [_thread_blocked, id=9268, stack(0x0000000026500000,0x0000000026600000)]
  0x000000001fa04000 JavaThread "Java2D Disposer" daemon [_thread_blocked, id=11116, stack(0x0000000026400000,0x0000000026500000)]
  0x000000001fa01800 JavaThread "Thread-3" daemon [_thread_in_native, id=1156, stack(0x0000000026100000,0x0000000026200000)]
  0x00000000202f3000 JavaThread "JavaFX Application Thread" [_thread_in_native, id=12660, stack(0x0000000021970000,0x0000000021a70000)]
  0x000000001ff0f000 JavaThread "Thread-2" daemon [_thread_blocked, id=8364, stack(0x0000000021870000,0x0000000021970000)]
  0x0000000020563800 JavaThread "QuantumRenderer-0" daemon [_thread_blocked, id=6340, stack(0x0000000020fe0000,0x00000000210e0000)]
  0x000000001e5a7000 JavaThread "Service Thread" daemon [_thread_blocked, id=5912, stack(0x000000001f080000,0x000000001f180000)]
  0x000000001e529000 JavaThread "C1 CompilerThread3" daemon [_thread_blocked, id=9752, stack(0x000000001ef80000,0x000000001f080000)]
  0x000000001e4cc800 JavaThread "C2 CompilerThread2" daemon [_thread_blocked, id=8540, stack(0x000000001ee80000,0x000000001ef80000)]
  0x000000001e4c9800 JavaThread "C2 CompilerThread1" daemon [_thread_blocked, id=12708, stack(0x000000001ed80000,0x000000001ee80000)]
  0x000000001e4c7800 JavaThread "C2 CompilerThread0" daemon [_thread_blocked, id=11824, stack(0x000000001ec80000,0x000000001ed80000)]
  0x000000001e4c5800 JavaThread "Attach Listener" daemon [_thread_blocked, id=10440, stack(0x000000001eb80000,0x000000001ec80000)]
  0x000000001e51f000 JavaThread "Signal Dispatcher" daemon [_thread_blocked, id=13440, stack(0x000000001ea80000,0x000000001eb80000)]
  0x000000001e4b0800 JavaThread "Finalizer" daemon [_thread_blocked, id=7548, stack(0x000000001e890000,0x000000001e990000)]
  0x0000000002c2e000 JavaThread "Reference Handler" daemon [_thread_blocked, id=13144, stack(0x000000001e390000,0x000000001e490000)]

Other Threads:
  0x000000001c5a8800 VMThread [stack: 0x000000001e290000,0x000000001e390000] [id=3460]
  0x000000001e63e800 WatcherThread [stack: 0x000000001f180000,0x000000001f280000] [id=7948]

VM state:not at safepoint (normal execution)

VM Mutex/Monitor currently owned by a thread: None

Heap:
 PSYoungGen      total 75776K, used 62729K [0x000000076b980000, 0x0000000770e00000, 0x00000007c0000000)
  eden space 65024K, 96% used [0x000000076b980000,0x000000076f6c25e8,0x000000076f900000)
  from space 10752K, 0% used [0x0000000770380000,0x0000000770380000,0x0000000770e00000)
  to   space 10752K, 0% used [0x000000076f900000,0x000000076f900000,0x0000000770380000)
 ParOldGen       total 173568K, used 0K [0x00000006c2c00000, 0x00000006cd580000, 0x000000076b980000)
  object space 173568K, 0% used [0x00000006c2c00000,0x00000006c2c00000,0x00000006cd580000)
 Metaspace       used 20179K, capacity 20545K, committed 20736K, reserved 1067008K
  class space    used 2437K, capacity 2554K, committed 2560K, reserved 1048576K

Card table byte_map: [0x0000000011ff0000,0x00000000127e0000] byte_map_base: 0x000000000e9da000

Marking Bits: (ParMarkBitMap*) 0x000000005d47d850
 Begin Bits: [0x0000000013530000, 0x0000000017480000)
 End Bits:   [0x0000000017480000, 0x000000001b3d0000)

Polling page: 0x0000000000cc0000

CodeCache: size=245760Kb used=4821Kb max_used=4821Kb free=240938Kb
 bounds [0x0000000002c30000, 0x00000000030f0000, 0x0000000011c30000]
 total_blobs=2191 nmethods=1487 adapters=616
 compilation: enabled

Compilation events (10 events):
Event: 2.914 Thread 0x000000001e529000 1481       3       java.lang.reflect.AccessibleObject::slowCheckMemberAccess (40 bytes)
Event: 2.914 Thread 0x000000001e529000 nmethod 1481 0x00000000030d8910 code [0x00000000030d8aa0, 0x00000000030d8fc8]
Event: 2.914 Thread 0x000000001e529000 1483       3       java.lang.reflect.AccessibleObject::checkAccess (96 bytes)
Event: 2.914 Thread 0x000000001e529000 nmethod 1483 0x00000000030d6c90 code [0x00000000030d6e40, 0x00000000030d75e8]
Event: 2.914 Thread 0x000000001e529000 1484       3       net.java.games.input.RawIdentifierMap::mapVKey (1320 bytes)
Event: 2.915 Thread 0x000000001e529000 nmethod 1484 0x00000000030e6110 code [0x00000000030e6420, 0x00000000030e72b0]
Event: 2.915 Thread 0x000000001e529000 1486       1       java.util.Hashtable::access$500 (5 bytes)
Event: 2.915 Thread 0x000000001e529000 nmethod 1486 0x00000000030d69d0 code [0x00000000030d6b20, 0x00000000030d6c10]
Event: 2.920 Thread 0x000000001e529000 1487       3       java.lang.String::valueOf (14 bytes)
Event: 2.920 Thread 0x000000001e529000 nmethod 1487 0x00000000030d62d0 code [0x00000000030d6440, 0x00000000030d6688]

GC Heap History (0 events):
No events

Deoptimization events (10 events):
Event: 0.858 Thread 0x000000001fa05800 Uncommon trap: reason=bimorphic action=maybe_recompile pc=0x0000000002f7ff64 method=java.util.HashMap.putVal(ILjava/lang/Object;Ljava/lang/Object;ZZ)Ljava/lang/Object; @ 203
Event: 0.908 Thread 0x000000002013e800 Uncommon trap: reason=class_check action=maybe_recompile pc=0x0000000002dd2f44 method=java.lang.String.equals(Ljava/lang/Object;)Z @ 8
Event: 0.908 Thread 0x000000002013e800 Uncommon trap: reason=class_check action=maybe_recompile pc=0x0000000002dd2f44 method=java.lang.String.equals(Ljava/lang/Object;)Z @ 8
Event: 0.908 Thread 0x000000002013e800 Uncommon trap: reason=class_check action=maybe_recompile pc=0x0000000002dd2f44 method=java.lang.String.equals(Ljava/lang/Object;)Z @ 8
Event: 0.910 Thread 0x000000002013e800 Uncommon trap: reason=class_check action=maybe_recompile pc=0x0000000002dd2f44 method=java.lang.String.equals(Ljava/lang/Object;)Z @ 8
Event: 1.955 Thread 0x000000001fdbe000 Uncommon trap: reason=class_check action=maybe_recompile pc=0x0000000002fc2b5c method=java.nio.charset.CharsetEncoder.reset()Ljava/nio/charset/CharsetEncoder; @ 1
Event: 1.998 Thread 0x000000001fdbe000 Uncommon trap: reason=class_check action=maybe_recompile pc=0x0000000002fc2b5c method=java.nio.charset.CharsetEncoder.reset()Ljava/nio/charset/CharsetEncoder; @ 1
Event: 1.999 Thread 0x000000001fdbe000 Uncommon trap: reason=class_check action=maybe_recompile pc=0x0000000002fc2b5c method=java.nio.charset.CharsetEncoder.reset()Ljava/nio/charset/CharsetEncoder; @ 1
Event: 1.999 Thread 0x000000001fdbe000 Uncommon trap: reason=class_check action=maybe_recompile pc=0x0000000002fc2b5c method=java.nio.charset.CharsetEncoder.reset()Ljava/nio/charset/CharsetEncoder; @ 1
Event: 2.310 Thread 0x000000001fdbe000 Uncommon trap: reason=predicate action=maybe_recompile pc=0x00000000030cd7ec method=java.lang.String.regionMatches(ZILjava/lang/String;II)Z @ 63

Internal exceptions (10 events):
Event: 0.742 Thread 0x000000002013e800 Implicit null exception at 0x0000000002e76995 to 0x0000000002e76b95
Event: 0.744 Thread 0x000000002013e800 Exception <a 'java/lang/NoClassDefFoundError'> (0x000000076d845b08) thrown at [C:\re\workspace\8-2-build-windows-amd64-cygwin\jdk8u144\9417\hotspot\src\share\vm\prims\jvm.cpp, line 1394]
Event: 0.769 Thread 0x000000002013e800 Exception <a 'java/io/FileNotFoundException'> (0x000000076d938b50) thrown at [C:\re\workspace\8-2-build-windows-amd64-cygwin\jdk8u144\9417\hotspot\src\share\vm\prims\jni.cpp, line 709]
Event: 0.769 Thread 0x000000002013e800 Exception <a 'java/lang/NullPointerException'> (0x000000076d939328) thrown at [C:\re\workspace\8-2-build-windows-amd64-cygwin\jdk8u144\9417\hotspot\src\share\vm\interpreter\linkResolver.cpp, line 1197]
Event: 2.920 Thread 0x000000001fdbe000 Exception <a 'java/security/PrivilegedActionException'> (0x000000076f5b5d80) thrown at [C:\re\workspace\8-2-build-windows-amd64-cygwin\jdk8u144\9417\hotspot\src\share\vm\prims\jvm.cpp, line 1390]
Event: 2.920 Thread 0x000000001fdbe000 Exception <a 'java/security/PrivilegedActionException'> (0x000000076f5b78f0) thrown at [C:\re\workspace\8-2-build-windows-amd64-cygwin\jdk8u144\9417\hotspot\src\share\vm\prims\jvm.cpp, line 1390]
Event: 2.920 Thread 0x000000001fdbe000 Exception <a 'java/security/PrivilegedActionException'> (0x000000076f5b8a10) thrown at [C:\re\workspace\8-2-build-windows-amd64-cygwin\jdk8u144\9417\hotspot\src\share\vm\prims\jvm.cpp, line 1390]
Event: 2.920 Thread 0x000000001fdbe000 Exception <a 'java/security/PrivilegedActionException'> (0x000000076f5bdb30) thrown at [C:\re\workspace\8-2-build-windows-amd64-cygwin\jdk8u144\9417\hotspot\src\share\vm\prims\jvm.cpp, line 1390]
Event: 2.920 Thread 0x000000001fdbe000 Exception <a 'java/security/PrivilegedActionException'> (0x000000076f5be788) thrown at [C:\re\workspace\8-2-build-windows-amd64-cygwin\jdk8u144\9417\hotspot\src\share\vm\prims\jvm.cpp, line 1390]
Event: 2.920 Thread 0x000000001fdbe000 Exception <a 'java/security/PrivilegedActionException'> (0x000000076f5bf3b0) thrown at [C:\re\workspace\8-2-build-windows-amd64-cygwin\jdk8u144\9417\hotspot\src\share\vm\prims\jvm.cpp, line 1390]

Events (10 events):
Event: 2.921 loading class org/lwjgl/openal/ALC10
Event: 2.921 loading class org/lwjgl/openal/ALC10 done
Event: 2.927 loading class org/lwjgl/openal/ALCdevice
Event: 2.927 loading class org/lwjgl/openal/ALCdevice done
Event: 2.928 loading class org/lwjgl/openal/ALCcontext
Event: 2.928 loading class org/lwjgl/openal/ALCcontext done
Event: 2.928 loading class org/lwjgl/openal/Util
Event: 2.928 loading class org/lwjgl/openal/Util done
Event: 2.928 loading class org/lwjgl/openal/OpenALException
Event: 2.928 loading class org/lwjgl/openal/OpenALException done


Dynamic libraries:
0x00007ff68c7b0000 - 0x00007ff68c7e7000 	C:\Program Files\Java\jre1.8.0_144\bin\javaw.exe
0x00007ffdec040000 - 0x00007ffdec21b000 	C:\Windows\SYSTEM32\ntdll.dll
0x00007ffdeb210000 - 0x00007ffdeb2be000 	C:\Windows\System32\KERNEL32.DLL
0x00007ffde91f0000 - 0x00007ffde9439000 	C:\Windows\System32\KERNELBASE.dll
0x00007ffdeb2f0000 - 0x00007ffdeb391000 	C:\Windows\System32\ADVAPI32.dll
0x00007ffdebe70000 - 0x00007ffdebf0d000 	C:\Windows\System32\msvcrt.dll
0x00007ffdeaee0000 - 0x00007ffdeaf39000 	C:\Windows\System32\sechost.dll
0x00007ffdeaf40000 - 0x00007ffdeb065000 	C:\Windows\System32\RPCRT4.dll
0x00007ffdea9e0000 - 0x00007ffdeab2a000 	C:\Windows\System32\USER32.dll
0x00007ffde8560000 - 0x00007ffde857e000 	C:\Windows\System32\win32u.dll
0x00007ffdeb2c0000 - 0x00007ffdeb2e7000 	C:\Windows\System32\GDI32.dll
0x00007ffde9060000 - 0x00007ffde91e7000 	C:\Windows\System32\gdi32full.dll
0x00007ffde85f0000 - 0x00007ffde868a000 	C:\Windows\System32\msvcp_win.dll
0x00007ffde94a0000 - 0x00007ffde9596000 	C:\Windows\System32\ucrtbase.dll
0x00007ffddafc0000 - 0x00007ffddb227000 	C:\Windows\WinSxS\amd64_microsoft.windows.common-controls_6595b64144ccf1df_6.0.15063.483_none_26002d27e7c744a2\COMCTL32.dll
0x00007ffdeb720000 - 0x00007ffdeba19000 	C:\Windows\System32\combase.dll
0x00007ffde8580000 - 0x00007ffde85ea000 	C:\Windows\System32\bcryptPrimitives.dll
0x00007ffdeac80000 - 0x00007ffdeacad000 	C:\Windows\System32\IMM32.DLL
0x000000005de60000 - 0x000000005df32000 	C:\Program Files\Java\jre1.8.0_144\bin\msvcr100.dll
0x000000005cc60000 - 0x000000005d4fd000 	C:\Program Files\Java\jre1.8.0_144\bin\server\jvm.dll
0x00007ffdebe60000 - 0x00007ffdebe68000 	C:\Windows\System32\PSAPI.DLL
0x00007ffdd5b80000 - 0x00007ffdd5b89000 	C:\Windows\SYSTEM32\WSOCK32.dll
0x00007ffde1280000 - 0x00007ffde12a3000 	C:\Windows\SYSTEM32\WINMM.dll
0x00007ffde4750000 - 0x00007ffde475a000 	C:\Windows\SYSTEM32\VERSION.dll
0x00007ffdebf10000 - 0x00007ffdebf7c000 	C:\Windows\System32\WS2_32.dll
0x00007ffde1100000 - 0x00007ffde112b000 	C:\Windows\SYSTEM32\WINMMBASE.dll
0x00007ffde8690000 - 0x00007ffde86d9000 	C:\Windows\System32\cfgmgr32.dll
0x000000005e020000 - 0x000000005e02f000 	C:\Program Files\Java\jre1.8.0_144\bin\verify.dll
0x000000005dff0000 - 0x000000005e019000 	C:\Program Files\Java\jre1.8.0_144\bin\java.dll
0x000000005dfd0000 - 0x000000005dfe6000 	C:\Program Files\Java\jre1.8.0_144\bin\zip.dll
0x00007ffde95a0000 - 0x00007ffdea9d7000 	C:\Windows\System32\SHELL32.dll
0x00007ffdeae30000 - 0x00007ffdeaeda000 	C:\Windows\System32\shcore.dll
0x00007ffde8960000 - 0x00007ffde9051000 	C:\Windows\System32\windows.storage.dll
0x00007ffdebf80000 - 0x00007ffdebfd1000 	C:\Windows\System32\shlwapi.dll
0x00007ffde84f0000 - 0x00007ffde8501000 	C:\Windows\System32\kernel.appcore.dll
0x00007ffde8510000 - 0x00007ffde855c000 	C:\Windows\System32\powrprof.dll
0x00007ffde84b0000 - 0x00007ffde84c5000 	C:\Windows\System32\profapi.dll
0x000000005dfb0000 - 0x000000005dfca000 	C:\Program Files\Java\jre1.8.0_144\bin\net.dll
0x00007ffde7dc0000 - 0x00007ffde7e1c000 	C:\Windows\system32\mswsock.dll
0x000000005df90000 - 0x000000005dfa1000 	C:\Program Files\Java\jre1.8.0_144\bin\nio.dll
0x00007ffde76c0000 - 0x00007ffde76f1000 	C:\Windows\SYSTEM32\ntmarta.dll
0x00007ffde7f70000 - 0x00007ffde7f87000 	C:\Windows\SYSTEM32\CRYPTSP.dll
0x00007ffde79e0000 - 0x00007ffde7a14000 	C:\Windows\system32\rsaenh.dll
0x00007ffde8070000 - 0x00007ffde8095000 	C:\Windows\SYSTEM32\bcrypt.dll
0x00007ffde83e0000 - 0x00007ffde8409000 	C:\Windows\SYSTEM32\USERENV.dll
0x00007ffde7f60000 - 0x00007ffde7f6b000 	C:\Windows\SYSTEM32\CRYPTBASE.dll
0x00007ffde7b60000 - 0x00007ffde7b97000 	C:\Windows\SYSTEM32\IPHLPAPI.DLL
0x00007ffdeae20000 - 0x00007ffdeae28000 	C:\Windows\System32\NSI.dll
0x00007ffde1d60000 - 0x00007ffde1d76000 	C:\Windows\SYSTEM32\dhcpcsvc6.DLL
0x00007ffde1d40000 - 0x00007ffde1d5a000 	C:\Windows\SYSTEM32\dhcpcsvc.DLL
0x0000000180000000 - 0x0000000180038000 	C:\Users\Shi\AppData\Local\Temp\jna-83092\jna8400236963128319831.dll
0x00007ffde2c10000 - 0x00007ffde2cd7000 	\\?\C:\Users\Shi\AppData\Local\Temp\JNA-83~1\JNA803~1.DLL
0x00007ffdeba20000 - 0x00007ffdebe5b000 	C:\Windows\System32\SETUPAPI.dll
0x00007ffdceb60000 - 0x00007ffdcec81000 	C:\Windows\SYSTEM32\OPENGL32.dll
0x00007ffddb230000 - 0x00007ffddb25c000 	C:\Windows\SYSTEM32\GLU32.dll
0x00007ffdda580000 - 0x00007ffdda647000 	\\?\C:\Users\Shi\AppData\Local\Temp\JNA-83~1\JNA115~1.DLL
0x00007ffde7370000 - 0x00007ffde737d000 	C:\Windows\SYSTEM32\hid.dll
0x00007ffde6ca0000 - 0x00007ffde6d35000 	C:\Windows\system32\uxtheme.dll
0x00007ffddfe70000 - 0x00007ffddfe9a000 	C:\Windows\system32\dwmapi.dll
0x00007ffde70d0000 - 0x00007ffde70f8000 	C:\Windows\System32\DEVOBJ.dll
0x00007ffde9440000 - 0x00007ffde9496000 	C:\Windows\System32\WINTRUST.dll
0x00007ffde84d0000 - 0x00007ffde84e1000 	C:\Windows\System32\MSASN1.dll
0x00007ffde8790000 - 0x00007ffde8959000 	C:\Windows\System32\CRYPT32.dll
0x00007ffdd4de0000 - 0x00007ffdd4ecf000 	C:\Program Files\Java\jre1.8.0_144\bin\msvcr120.dll
0x00007ffdda3e0000 - 0x00007ffdda486000 	C:\Program Files\Java\jre1.8.0_144\bin\msvcp120.dll
0x000000005de30000 - 0x000000005de52000 	C:\Program Files\Java\jre1.8.0_144\bin\prism_d3d.dll
0x00007ffdaf5c0000 - 0x00007ffdaf749000 	C:\Windows\system32\d3d9.dll
0x00007ffd959c0000 - 0x00007ffd9b1ac000 	C:\Windows\System32\DriverStore\FileRepository\igdlh64.inf_amd64_88725e48ac7d5315\igdumdim64.dll
0x00007ffdeb4c0000 - 0x00007ffdeb580000 	C:\Windows\System32\OLEAUT32.dll
0x00007ffdeab30000 - 0x00007ffdeac75000 	C:\Windows\System32\ole32.dll
0x00007ffde0c60000 - 0x00007ffde0d3f000 	C:\Windows\System32\DriverStore\FileRepository\nvltwu.inf_amd64_c8da725822079174\nvldumdx.dll
0x00007ffdeb690000 - 0x00007ffdeb6ad000 	C:\Windows\System32\imagehlp.dll
0x00007ffd949a0000 - 0x00007ffd959b5000 	C:\Windows\System32\DriverStore\FileRepository\nvltwu.inf_amd64_c8da725822079174\nvd3dumx.dll
0x000000005dde0000 - 0x000000005de23000 	C:\Program Files\Java\jre1.8.0_144\bin\glass.dll
0x00007ffdeb580000 - 0x00007ffdeb688000 	C:\Windows\System32\COMDLG32.dll
0x00007ffdeacb0000 - 0x00007ffdeae16000 	C:\Windows\System32\MSCTF.dll
0x00007ffdd90a0000 - 0x00007ffdda1ff000 	C:\Windows\System32\DriverStore\FileRepository\igdlh64.inf_amd64_88725e48ac7d5315\igc64.dll
0x000000005c6d0000 - 0x000000005c868000 	C:\Program Files\Java\jre1.8.0_144\bin\awt.dll
0x00007ffde6b60000 - 0x00007ffde6bde000 	C:\Windows\SYSTEM32\apphelp.dll
0x00007ffde0b70000 - 0x00007ffde0c59000 	C:\Program Files (x86)\NVIDIA Corporation\3D Vision\nvSCPAPI64.dll
0x000000005dd90000 - 0x000000005ddd7000 	C:\Program Files\Java\jre1.8.0_144\bin\fontmanager.dll
0x000000005d780000 - 0x000000005d7c2000 	C:\Program Files\Java\jre1.8.0_144\bin\t2k.dll
0x00007ffde3460000 - 0x00007ffde34e2000 	C:\Windows\System32\TextInputFramework.dll
0x00007ffde6530000 - 0x00007ffde6613000 	C:\Windows\System32\CoreMessaging.dll
0x00007ffddf180000 - 0x00007ffddf452000 	C:\Windows\System32\CoreUIComponents.dll
0x00007ffde5540000 - 0x00007ffde5679000 	C:\Windows\SYSTEM32\wintypes.dll
0x00007ffde1c20000 - 0x00007ffde1c35000 	C:\Windows\SYSTEM32\usermgrcli.dll
0x0000000028d50000 - 0x0000000028db4000 	C:\Users\Shi\Documents\opends-4.5-homlab\OpenAL64.dll
0x0000000026c40000 - 0x0000000026c56000 	C:\Users\Shi\Documents\opends-4.5-homlab\jinput-dx8_64.dll
0x00007ffdd4f60000 - 0x00007ffdd4fa2000 	C:\Windows\SYSTEM32\DINPUT8.dll
0x0000000028e40000 - 0x0000000028e93000 	C:\Users\Shi\Documents\opends-4.5-homlab\lwjgl64.dll
0x00007ffd93c40000 - 0x00007ffd9499b000 	C:\Windows\System32\DriverStore\FileRepository\igdlh64.inf_amd64_88725e48ac7d5315\ig9icd64.dll
0x00007ffde5070000 - 0x00007ffde5083000 	C:\Windows\SYSTEM32\WTSAPI32.dll
0x00007ffde4fd0000 - 0x00007ffde5063000 	C:\Windows\SYSTEM32\mscms.dll
0x00007ffdd4f10000 - 0x00007ffdd4f51000 	C:\Windows\SYSTEM32\icm32.dll
0x0000000029080000 - 0x0000000029094000 	C:\Users\Shi\Documents\opends-4.5-homlab\jinput-raw_64.dll
0x00007ffdeb420000 - 0x00007ffdeb4be000 	C:\Windows\System32\clbcatq.dll
0x00007ffde23d0000 - 0x00007ffde2437000 	C:\Windows\System32\MMDevApi.dll
0x00007ffde2030000 - 0x00007ffde21c6000 	C:\Windows\System32\PROPSYS.dll
0x00007ffddbd20000 - 0x00007ffddbdac000 	C:\Windows\SYSTEM32\dsound.dll
0x00007ffde12b0000 - 0x00007ffde13b5000 	C:\Windows\SYSTEM32\AUDIOSES.DLL
0x00007ffde5290000 - 0x00007ffde529b000 	C:\Windows\SYSTEM32\AVRT.dll
0x00007ffde34f0000 - 0x00007ffde3699000 	C:\Windows\SYSTEM32\dbghelp.dll

VM Arguments:
jvm_args: -Dfile.encoding=GBK 
java_command: eu.opends.main.Simulator
java_class_path (initial): C:\Users\Shi\Documents\opends-4.5-homlab\bin;C:\Users\Shi\Documents\opends-4.5-homlab\assets\JasperReports\log4j;C:\Users\Shi\Documents\opends-4.5-homlab\assets\Textures\Logo;C:\Users\Shi\Documents\opends-4.5-homlab\lib\CarOntology.jar;C:\Users\Shi\Documents\opends-4.5-homlab\lib\com.springsource.org.jaxen-1.1.1.jar;C:\Users\Shi\Documents\opends-4.5-homlab\lib\com.springsource.org.jdom-1.1.0.jar;C:\Users\Shi\Documents\opends-4.5-homlab\lib\commons-codec-1.4.jar;C:\Users\Shi\Documents\opends-4.5-homlab\lib\contre.jar;C:\Users\Shi\Documents\opends-4.5-homlab\lib\eyetracker.jar;C:\Users\Shi\Documents\opends-4.5-homlab\lib\ffjoystick.jar;C:\Users\Shi\Documents\opends-4.5-homlab\lib\simphynity.jar;C:\Users\Shi\Documents\opends-4.5-homlab\lib\j2ee-1.4.jar;C:\Users\Shi\Documents\opends-4.5-homlab\lib\Jama-1.0.3.jar;C:\Users\Shi\Documents\opends-4.5-homlab\lib\jaxdomBundle.jar;C:\Users\Shi\Documents\opends-4.5-homlab\lib\jaxen.jar;C:\Users\Shi\Documents\opends-4.5-homlab\lib\jdom.jar;C:\Users\Shi\Documents\opends-4.5-homlab\lib\KAPcomConnector.jar;C:\Users\Shi\Documents\opends-4.5-homlab\lib\mysql-connector-java-5.1.18-bin.jar;C:\Users\Shi\Documents\opends-4.5-homlab\lib\NetMessageProtocol.jar;C:\Users\Shi\Documents\opends-4.5-homlab\lib\tvpt.jar;C:\Users\Shi\Documents\opends-4.5-homlab\lib\oculus.jar;C:\Users\Shi\Documents\opends-4.5-homlab\lib\jme3.1\core-0.27.jar;C:\Users\Shi\Documents\opends-4.5-homlab\lib\jme3.1\dense64-0.27.jar;C:\Users\Shi\Documents\opends-4.5-homlab\lib\jme3.1\denseC64-0.27.jar;C:\Users\Shi\Documents\opends-4.5-homlab\lib\jme3.1\eventbus.jar;C:\Users\Shi\Documents\opends-4.5-homlab\lib\jme3.1\gluegen-rt-2.3.1-natives-linux-amd64.jar;C:\Users\Shi\Documents\opends-4.5-homlab\lib\jme3.1\gluegen-rt-2.3.1-natives-linux-armv6.jar;C:\Users\Shi\Documents\opends-4.5-homlab\lib\jme3.1\gluegen-rt-2.3.1-natives-linux-armv6hf.jar;C:\Users\Shi\Documents\opends-4.5-homlab\lib\jme3.1\gluegen-rt-2.3.1-natives-linux-i586.jar;C:\Users\Shi\
Launcher Type: SUN_STANDARD

Environment Variables:
PATH=C:/Program Files/Java/jre1.8.0_144/bin/server;C:/Program Files/Java/jre1.8.0_144/bin;C:/Program Files/Java/jre1.8.0_144/lib/amd64;C:\Program Files (x86)\Intel\iCLS Client\;C:\ProgramData\Oracle\Java\javapath;C:\Program Files\Intel\iCLS Client\;C:\Windows\system32;C:\Windows;C:\Windows\System32\Wbem;C:\Windows\System32\WindowsPowerShell\v1.0\;C:\Program Files\Intel\WiFi\bin\;C:\Program Files\Common Files\Intel\WirelessCommon\;C:\Program Files (x86)\GtkSharp\2.12\bin;c:\Program Files (x86)\Microsoft SQL Server\100\Tools\Binn\;c:\Program Files\Microsoft SQL Server\100\Tools\Binn\;c:\Program Files\Microsoft SQL Server\100\DTS\Binn\;C:\Program Files (x86)\Intel\Intel(R) Management Engine Components\DAL;C:\Program Files\Intel\Intel(R) Management Engine Components\DAL;C:\Program Files (x86)\Intel\Intel(R) Management Engine Components\IPT;C:\Program Files\Intel\Intel(R) Management Engine Components\IPT;C:\Users\Shi\AppData\Local\Microsoft\WindowsApps;C:\Users\Shi\AppData\Local\GitHubDesktop\bin;C:\Windows\System32;
USERNAME=Shi
OS=Windows_NT
PROCESSOR_IDENTIFIER=Intel64 Family 6 Model 158 Stepping 9, GenuineIntel



---------------  S Y S T E M  ---------------

OS: Windows 10.0 , 64 bit Build 15063 (10.0.15063.296)

CPU:total 8 (initial active 8) (4 cores per cpu, 2 threads per core) family 6 model 158 stepping 9, cmov, cx8, fxsr, mmx, sse, sse2, sse3, ssse3, sse4.1, sse4.2, popcnt, avx, avx2, aes, clmul, erms, 3dnowpref, lzcnt, ht, tsc, tscinvbit, bmi1, bmi2, adx

Memory: 4k page, physical 16595904k(11012120k free), swap 19086272k(12699408k free)

vm_info: Java HotSpot(TM) 64-Bit Server VM (25.144-b01) for windows-amd64 JRE (1.8.0_144-b01), built on Jul 21 2017 21:57:33 by "java_re" with MS VC++ 10.0 (VS2010)

time: Mon Jan 08 10:55:52 2018
elapsed time: 2 seconds (0d 0h 0m 2s)

